{"C:\\Users\\User\\Desktop\\covid19\\charite-app\\src\\index.js": {"path":"C:\\Users\\User\\Desktop\\covid19\\charite-app\\src\\index.js","statementMap":{"0":{"start":{"line":9,"column":14},"end":{"line":9,"column":30}},"1":{"start":{"line":11,"column":0},"end":{"line":16,"column":2}}},"fnMap":{},"branchMap":{},"s":{"0":0,"1":0},"f":{},"b":{},"hash":"d0ef6c37e627d3b2c645e3c77c4abb38acd8a90f"}
,"C:\\Users\\User\\Desktop\\covid19\\charite-app\\src\\reducers.js": {"path":"C:\\Users\\User\\Desktop\\covid19\\charite-app\\src\\reducers.js","statementMap":{},"fnMap":{},"branchMap":{},"s":{},"f":{},"b":{},"hash":"c4154612831af8ee912fb1148da4a19a1fe7c14b"}
,"C:\\Users\\User\\Desktop\\covid19\\charite-app\\src\\store.js": {"path":"C:\\Users\\User\\Desktop\\covid19\\charite-app\\src\\store.js","statementMap":{"0":{"start":{"line":6,"column":25},"end":{"line":6,"column":39}},"1":{"start":{"line":7,"column":25},"end":{"line":7,"column":79}},"2":{"start":{"line":10,"column":4},"end":{"line":14,"column":5}}},"fnMap":{"0":{"name":"configureStore","decl":{"start":{"line":9,"column":24},"end":{"line":9,"column":38}},"loc":{"start":{"line":9,"column":55},"end":{"line":15,"column":1}},"line":9}},"branchMap":{"0":{"loc":{"start":{"line":7,"column":25},"end":{"line":7,"column":79}},"type":"binary-expr","locations":[{"start":{"line":7,"column":25},"end":{"line":7,"column":68}},{"start":{"line":7,"column":72},"end":{"line":7,"column":79}}],"line":7}},"s":{"0":0,"1":0,"2":0},"f":{"0":0},"b":{"0":[0,0]},"hash":"8bdf65e5fe3585a1d5e5bf00cdd5c6ee58d060b6"}
,"C:\\Users\\User\\Desktop\\covid19\\charite-app\\src\\app\\App.js": {"path":"C:\\Users\\User\\Desktop\\covid19\\charite-app\\src\\app\\App.js","statementMap":{"0":{"start":{"line":5,"column":2},"end":{"line":7,"column":3}}},"fnMap":{"0":{"name":"App","decl":{"start":{"line":4,"column":24},"end":{"line":4,"column":27}},"loc":{"start":{"line":4,"column":30},"end":{"line":8,"column":1}},"line":4}},"branchMap":{},"s":{"0":0},"f":{"0":0},"b":{},"hash":"b66ab65d44737f159bf0009995010ab1afc2c14f"}
,"C:\\Users\\User\\Desktop\\covid19\\charite-app\\src\\app\\creator\\CreatorComponent.jsx": {"path":"C:\\Users\\User\\Desktop\\covid19\\charite-app\\src\\app\\creator\\CreatorComponent.jsx","statementMap":{"0":{"start":{"line":14,"column":28},"end":{"line":19,"column":1}},"1":{"start":{"line":21,"column":32},"end":{"line":89,"column":1}},"2":{"start":{"line":36,"column":6},"end":{"line":36,"column":11}},"3":{"start":{"line":38,"column":14},"end":{"line":43,"column":3}},"4":{"start":{"line":45,"column":2},"end":{"line":88,"column":3}},"5":{"start":{"line":53,"column":10},"end":{"line":53,"column":135}},"6":{"start":{"line":53,"column":72},"end":{"line":53,"column":106}},"7":{"start":{"line":58,"column":33},"end":{"line":58,"column":59}},"8":{"start":{"line":59,"column":33},"end":{"line":59,"column":55}},"9":{"start":{"line":64,"column":97},"end":{"line":64,"column":122}},"10":{"start":{"line":65,"column":97},"end":{"line":65,"column":121}},"11":{"start":{"line":71,"column":12},"end":{"line":83,"column":19}},"12":{"start":{"line":91,"column":0},"end":{"line":91,"column":44}}},"fnMap":{"0":{"name":"(anonymous_0)","decl":{"start":{"line":21,"column":32},"end":{"line":21,"column":33}},"loc":{"start":{"line":21,"column":41},"end":{"line":89,"column":1}},"line":21},"1":{"name":"(anonymous_1)","decl":{"start":{"line":52,"column":33},"end":{"line":52,"column":34}},"loc":{"start":{"line":53,"column":10},"end":{"line":53,"column":135}},"line":53},"2":{"name":"(anonymous_2)","decl":{"start":{"line":53,"column":66},"end":{"line":53,"column":67}},"loc":{"start":{"line":53,"column":72},"end":{"line":53,"column":106}},"line":53},"3":{"name":"(anonymous_3)","decl":{"start":{"line":58,"column":27},"end":{"line":58,"column":28}},"loc":{"start":{"line":58,"column":33},"end":{"line":58,"column":59}},"line":58},"4":{"name":"(anonymous_4)","decl":{"start":{"line":59,"column":27},"end":{"line":59,"column":28}},"loc":{"start":{"line":59,"column":33},"end":{"line":59,"column":55}},"line":59},"5":{"name":"(anonymous_5)","decl":{"start":{"line":64,"column":91},"end":{"line":64,"column":92}},"loc":{"start":{"line":64,"column":97},"end":{"line":64,"column":122}},"line":64},"6":{"name":"(anonymous_6)","decl":{"start":{"line":65,"column":91},"end":{"line":65,"column":92}},"loc":{"start":{"line":65,"column":97},"end":{"line":65,"column":121}},"line":65},"7":{"name":"(anonymous_7)","decl":{"start":{"line":70,"column":31},"end":{"line":70,"column":32}},"loc":{"start":{"line":71,"column":12},"end":{"line":83,"column":19}},"line":71}},"branchMap":{"0":{"loc":{"start":{"line":62,"column":28},"end":{"line":62,"column":48}},"type":"binary-expr","locations":[{"start":{"line":62,"column":28},"end":{"line":62,"column":34}},{"start":{"line":62,"column":38},"end":{"line":62,"column":48}}],"line":62},"1":{"loc":{"start":{"line":63,"column":28},"end":{"line":63,"column":64}},"type":"binary-expr","locations":[{"start":{"line":63,"column":28},"end":{"line":63,"column":34}},{"start":{"line":63,"column":38},"end":{"line":63,"column":48}},{"start":{"line":63,"column":52},"end":{"line":63,"column":64}}],"line":63},"2":{"loc":{"start":{"line":64,"column":28},"end":{"line":64,"column":80}},"type":"binary-expr","locations":[{"start":{"line":64,"column":28},"end":{"line":64,"column":34}},{"start":{"line":64,"column":38},"end":{"line":64,"column":48}},{"start":{"line":64,"column":52},"end":{"line":64,"column":64}},{"start":{"line":64,"column":68},"end":{"line":64,"column":80}}],"line":64},"3":{"loc":{"start":{"line":65,"column":28},"end":{"line":65,"column":80}},"type":"binary-expr","locations":[{"start":{"line":65,"column":28},"end":{"line":65,"column":34}},{"start":{"line":65,"column":38},"end":{"line":65,"column":48}},{"start":{"line":65,"column":52},"end":{"line":65,"column":64}},{"start":{"line":65,"column":68},"end":{"line":65,"column":80}}],"line":65},"4":{"loc":{"start":{"line":79,"column":63},"end":{"line":79,"column":108}},"type":"binary-expr","locations":[{"start":{"line":79,"column":63},"end":{"line":79,"column":71}},{"start":{"line":79,"column":75},"end":{"line":79,"column":108}}],"line":79}},"s":{"0":0,"1":0,"2":0,"3":0,"4":0,"5":0,"6":0,"7":0,"8":0,"9":0,"10":0,"11":0,"12":0},"f":{"0":0,"1":0,"2":0,"3":0,"4":0,"5":0,"6":0,"7":0},"b":{"0":[0,0],"1":[0,0,0],"2":[0,0,0,0],"3":[0,0,0,0],"4":[0,0]},"hash":"44c304c3c22cb3a79a17398ef9d913011de50381"}
,"C:\\Users\\User\\Desktop\\covid19\\charite-app\\src\\app\\creator\\CreatorContainer.js": {"path":"C:\\Users\\User\\Desktop\\covid19\\charite-app\\src\\app\\creator\\CreatorContainer.js","statementMap":{"0":{"start":{"line":11,"column":31},"end":{"line":18,"column":2}},"1":{"start":{"line":11,"column":53},"end":{"line":18,"column":1}},"2":{"start":{"line":20,"column":34},"end":{"line":26,"column":1}}},"fnMap":{"0":{"name":"(anonymous_0)","decl":{"start":{"line":11,"column":31},"end":{"line":11,"column":32}},"loc":{"start":{"line":11,"column":53},"end":{"line":18,"column":1}},"line":11}},"branchMap":{},"s":{"0":0,"1":0,"2":0},"f":{"0":0},"b":{},"hash":"d8b2e53fc850a65acacfe7a26edc96ac177f5e46"}
,"C:\\Users\\User\\Desktop\\covid19\\charite-app\\src\\app\\creator\\index.js": {"path":"C:\\Users\\User\\Desktop\\covid19\\charite-app\\src\\app\\creator\\index.js","statementMap":{},"fnMap":{},"branchMap":{},"s":{},"f":{},"b":{},"hash":"7033ad28899b0cfe9acc5f17de0e6f52b8ced6aa"}
,"C:\\Users\\User\\Desktop\\covid19\\charite-app\\src\\app\\creator\\duck\\actions.js": {"path":"C:\\Users\\User\\Desktop\\covid19\\charite-app\\src\\app\\creator\\duck\\actions.js","statementMap":{"0":{"start":{"line":1,"column":44},"end":{"line":1,"column":74}},"1":{"start":{"line":2,"column":39},"end":{"line":2,"column":64}},"2":{"start":{"line":3,"column":28},"end":{"line":3,"column":42}},"3":{"start":{"line":4,"column":32},"end":{"line":4,"column":50}},"4":{"start":{"line":5,"column":49},"end":{"line":5,"column":84}},"5":{"start":{"line":6,"column":47},"end":{"line":6,"column":80}},"6":{"start":{"line":7,"column":32},"end":{"line":7,"column":50}},"7":{"start":{"line":8,"column":24},"end":{"line":8,"column":34}},"8":{"start":{"line":9,"column":23},"end":{"line":9,"column":32}},"9":{"start":{"line":10,"column":34},"end":{"line":10,"column":54}},"10":{"start":{"line":12,"column":39},"end":{"line":15,"column":2}},"11":{"start":{"line":12,"column":53},"end":{"line":15,"column":1}},"12":{"start":{"line":17,"column":37},"end":{"line":20,"column":2}},"13":{"start":{"line":17,"column":47},"end":{"line":20,"column":1}},"14":{"start":{"line":22,"column":27},"end":{"line":25,"column":2}},"15":{"start":{"line":22,"column":40},"end":{"line":25,"column":1}},"16":{"start":{"line":27,"column":30},"end":{"line":30,"column":2}},"17":{"start":{"line":27,"column":39},"end":{"line":30,"column":1}},"18":{"start":{"line":32,"column":45},"end":{"line":35,"column":2}},"19":{"start":{"line":32,"column":54},"end":{"line":35,"column":1}},"20":{"start":{"line":37,"column":36},"end":{"line":40,"column":2}},"21":{"start":{"line":37,"column":45},"end":{"line":40,"column":1}},"22":{"start":{"line":42,"column":30},"end":{"line":45,"column":2}},"23":{"start":{"line":42,"column":46},"end":{"line":45,"column":1}},"24":{"start":{"line":47,"column":23},"end":{"line":50,"column":2}},"25":{"start":{"line":47,"column":32},"end":{"line":50,"column":1}},"26":{"start":{"line":52,"column":22},"end":{"line":55,"column":2}},"27":{"start":{"line":52,"column":30},"end":{"line":55,"column":1}},"28":{"start":{"line":57,"column":32},"end":{"line":60,"column":2}},"29":{"start":{"line":57,"column":50},"end":{"line":60,"column":1}}},"fnMap":{"0":{"name":"(anonymous_0)","decl":{"start":{"line":12,"column":39},"end":{"line":12,"column":40}},"loc":{"start":{"line":12,"column":53},"end":{"line":15,"column":1}},"line":12},"1":{"name":"(anonymous_1)","decl":{"start":{"line":17,"column":37},"end":{"line":17,"column":38}},"loc":{"start":{"line":17,"column":47},"end":{"line":20,"column":1}},"line":17},"2":{"name":"(anonymous_2)","decl":{"start":{"line":22,"column":27},"end":{"line":22,"column":28}},"loc":{"start":{"line":22,"column":40},"end":{"line":25,"column":1}},"line":22},"3":{"name":"(anonymous_3)","decl":{"start":{"line":27,"column":30},"end":{"line":27,"column":31}},"loc":{"start":{"line":27,"column":39},"end":{"line":30,"column":1}},"line":27},"4":{"name":"(anonymous_4)","decl":{"start":{"line":32,"column":45},"end":{"line":32,"column":46}},"loc":{"start":{"line":32,"column":54},"end":{"line":35,"column":1}},"line":32},"5":{"name":"(anonymous_5)","decl":{"start":{"line":37,"column":36},"end":{"line":37,"column":37}},"loc":{"start":{"line":37,"column":45},"end":{"line":40,"column":1}},"line":37},"6":{"name":"(anonymous_6)","decl":{"start":{"line":42,"column":30},"end":{"line":42,"column":31}},"loc":{"start":{"line":42,"column":46},"end":{"line":45,"column":1}},"line":42},"7":{"name":"(anonymous_7)","decl":{"start":{"line":47,"column":23},"end":{"line":47,"column":24}},"loc":{"start":{"line":47,"column":32},"end":{"line":50,"column":1}},"line":47},"8":{"name":"(anonymous_8)","decl":{"start":{"line":52,"column":22},"end":{"line":52,"column":23}},"loc":{"start":{"line":52,"column":30},"end":{"line":55,"column":1}},"line":52},"9":{"name":"(anonymous_9)","decl":{"start":{"line":57,"column":32},"end":{"line":57,"column":33}},"loc":{"start":{"line":57,"column":50},"end":{"line":60,"column":1}},"line":57}},"branchMap":{},"s":{"0":3,"1":3,"2":3,"3":3,"4":3,"5":3,"6":3,"7":3,"8":3,"9":3,"10":3,"11":2,"12":3,"13":2,"14":3,"15":2,"16":3,"17":2,"18":3,"19":2,"20":3,"21":0,"22":3,"23":1,"24":3,"25":3,"26":3,"27":0,"28":3,"29":0},"f":{"0":2,"1":2,"2":2,"3":2,"4":2,"5":0,"6":1,"7":3,"8":0,"9":0},"b":{},"_coverageSchema":"43e27e138ebf9cfc5966b082cf9a028302ed4184","hash":"0a16da293bb00e10cffc0e50b8a372fd08fbf342"}
,"C:\\Users\\User\\Desktop\\covid19\\charite-app\\src\\app\\creator\\duck\\index.js": {"path":"C:\\Users\\User\\Desktop\\covid19\\charite-app\\src\\app\\creator\\duck\\index.js","statementMap":{},"fnMap":{},"branchMap":{},"s":{},"f":{},"b":{},"_coverageSchema":"43e27e138ebf9cfc5966b082cf9a028302ed4184","hash":"2f372e3b75a641d8cd9d44e2dfc5d91d90e3b9ec"}
,"C:\\Users\\User\\Desktop\\covid19\\charite-app\\src\\app\\creator\\duck\\operations.js": {"path":"C:\\Users\\User\\Desktop\\covid19\\charite-app\\src\\app\\creator\\duck\\operations.js","statementMap":{"0":{"start":{"line":21,"column":25},"end":{"line":38,"column":1}},"1":{"start":{"line":22,"column":4},"end":{"line":37,"column":8}},"2":{"start":{"line":23,"column":6},"end":{"line":36,"column":7}},"3":{"start":{"line":24,"column":20},"end":{"line":24,"column":61}},"4":{"start":{"line":26,"column":8},"end":{"line":28,"column":9}},"5":{"start":{"line":27,"column":10},"end":{"line":27,"column":54}},"6":{"start":{"line":30,"column":21},"end":{"line":30,"column":37}},"7":{"start":{"line":31,"column":8},"end":{"line":31,"column":24}},"8":{"start":{"line":33,"column":8},"end":{"line":33,"column":26}},"9":{"start":{"line":35,"column":8},"end":{"line":35,"column":27}},"10":{"start":{"line":40,"column":29},"end":{"line":48,"column":1}},"11":{"start":{"line":41,"column":2},"end":{"line":47,"column":3}},"12":{"start":{"line":42,"column":4},"end":{"line":46,"column":5}},"13":{"start":{"line":43,"column":6},"end":{"line":43,"column":54}},"14":{"start":{"line":45,"column":6},"end":{"line":45,"column":58}},"15":{"start":{"line":50,"column":36},"end":{"line":54,"column":1}},"16":{"start":{"line":51,"column":2},"end":{"line":53,"column":3}},"17":{"start":{"line":52,"column":4},"end":{"line":52,"column":35}},"18":{"start":{"line":56,"column":35},"end":{"line":65,"column":1}},"19":{"start":{"line":57,"column":16},"end":{"line":57,"column":63}},"20":{"start":{"line":57,"column":47},"end":{"line":57,"column":62}},"21":{"start":{"line":58,"column":2},"end":{"line":64,"column":4}},"22":{"start":{"line":67,"column":34},"end":{"line":72,"column":1}},"23":{"start":{"line":68,"column":2},"end":{"line":71,"column":4}},"24":{"start":{"line":74,"column":26},"end":{"line":89,"column":1}},"25":{"start":{"line":75,"column":2},"end":{"line":88,"column":3}},"26":{"start":{"line":76,"column":18},"end":{"line":76,"column":28}},"27":{"start":{"line":77,"column":43},"end":{"line":77,"column":56}},"28":{"start":{"line":78,"column":20},"end":{"line":78,"column":39}},"29":{"start":{"line":79,"column":17},"end":{"line":86,"column":6}},"30":{"start":{"line":81,"column":6},"end":{"line":85,"column":7}},"31":{"start":{"line":82,"column":8},"end":{"line":82,"column":52}},"32":{"start":{"line":84,"column":8},"end":{"line":84,"column":53}},"33":{"start":{"line":87,"column":4},"end":{"line":87,"column":34}},"34":{"start":{"line":91,"column":28},"end":{"line":106,"column":1}},"35":{"start":{"line":92,"column":14},"end":{"line":92,"column":25}},"36":{"start":{"line":95,"column":2},"end":{"line":99,"column":4}},"37":{"start":{"line":96,"column":6},"end":{"line":96,"column":68}},"38":{"start":{"line":100,"column":2},"end":{"line":103,"column":5}},"39":{"start":{"line":102,"column":4},"end":{"line":102,"column":41}},"40":{"start":{"line":105,"column":2},"end":{"line":105,"column":19}},"41":{"start":{"line":108,"column":35},"end":{"line":112,"column":1}},"42":{"start":{"line":109,"column":2},"end":{"line":111,"column":3}},"43":{"start":{"line":110,"column":4},"end":{"line":110,"column":45}},"44":{"start":{"line":114,"column":33},"end":{"line":162,"column":1}},"45":{"start":{"line":115,"column":2},"end":{"line":161,"column":3}},"46":{"start":{"line":116,"column":16},"end":{"line":116,"column":26}},"47":{"start":{"line":118,"column":22},"end":{"line":118,"column":47}},"48":{"start":{"line":120,"column":27},"end":{"line":120,"column":29}},"49":{"start":{"line":121,"column":4},"end":{"line":123,"column":6}},"50":{"start":{"line":122,"column":6},"end":{"line":122,"column":38}},"51":{"start":{"line":125,"column":26},"end":{"line":125,"column":49}},"52":{"start":{"line":126,"column":20},"end":{"line":126,"column":22}},"53":{"start":{"line":129,"column":4},"end":{"line":131,"column":6}},"54":{"start":{"line":130,"column":6},"end":{"line":130,"column":27}},"55":{"start":{"line":133,"column":17},"end":{"line":133,"column":18}},"56":{"start":{"line":135,"column":4},"end":{"line":148,"column":6}},"57":{"start":{"line":136,"column":30},"end":{"line":136,"column":59}},"58":{"start":{"line":137,"column":26},"end":{"line":145,"column":8}},"59":{"start":{"line":146,"column":6},"end":{"line":146,"column":14}},"60":{"start":{"line":147,"column":6},"end":{"line":147,"column":70}},"61":{"start":{"line":149,"column":4},"end":{"line":149,"column":38}},"62":{"start":{"line":151,"column":28},"end":{"line":151,"column":58}},"63":{"start":{"line":152,"column":24},"end":{"line":152,"column":74}},"64":{"start":{"line":153,"column":4},"end":{"line":153,"column":68}},"65":{"start":{"line":155,"column":4},"end":{"line":155,"column":22}},"66":{"start":{"line":156,"column":30},"end":{"line":156,"column":43}},"67":{"start":{"line":158,"column":26},"end":{"line":158,"column":67}},"68":{"start":{"line":159,"column":22},"end":{"line":159,"column":88}},"69":{"start":{"line":160,"column":4},"end":{"line":160,"column":64}}},"fnMap":{"0":{"name":"(anonymous_0)","decl":{"start":{"line":21,"column":25},"end":{"line":21,"column":26}},"loc":{"start":{"line":21,"column":31},"end":{"line":38,"column":1}},"line":21},"1":{"name":"(anonymous_1)","decl":{"start":{"line":22,"column":5},"end":{"line":22,"column":6}},"loc":{"start":{"line":22,"column":17},"end":{"line":37,"column":5}},"line":22},"2":{"name":"(anonymous_2)","decl":{"start":{"line":40,"column":29},"end":{"line":40,"column":30}},"loc":{"start":{"line":40,"column":36},"end":{"line":48,"column":1}},"line":40},"3":{"name":"(anonymous_3)","decl":{"start":{"line":41,"column":9},"end":{"line":41,"column":10}},"loc":{"start":{"line":41,"column":21},"end":{"line":47,"column":3}},"line":41},"4":{"name":"(anonymous_4)","decl":{"start":{"line":50,"column":36},"end":{"line":50,"column":37}},"loc":{"start":{"line":50,"column":48},"end":{"line":54,"column":1}},"line":50},"5":{"name":"(anonymous_5)","decl":{"start":{"line":51,"column":9},"end":{"line":51,"column":10}},"loc":{"start":{"line":51,"column":21},"end":{"line":53,"column":3}},"line":51},"6":{"name":"(anonymous_6)","decl":{"start":{"line":56,"column":35},"end":{"line":56,"column":36}},"loc":{"start":{"line":56,"column":58},"end":{"line":65,"column":1}},"line":56},"7":{"name":"(anonymous_7)","decl":{"start":{"line":57,"column":37},"end":{"line":57,"column":38}},"loc":{"start":{"line":57,"column":47},"end":{"line":57,"column":62}},"line":57},"8":{"name":"(anonymous_8)","decl":{"start":{"line":67,"column":34},"end":{"line":67,"column":35}},"loc":{"start":{"line":67,"column":57},"end":{"line":72,"column":1}},"line":67},"9":{"name":"(anonymous_9)","decl":{"start":{"line":74,"column":26},"end":{"line":74,"column":27}},"loc":{"start":{"line":74,"column":32},"end":{"line":89,"column":1}},"line":74},"10":{"name":"(anonymous_10)","decl":{"start":{"line":75,"column":9},"end":{"line":75,"column":10}},"loc":{"start":{"line":75,"column":33},"end":{"line":88,"column":3}},"line":75},"11":{"name":"(anonymous_11)","decl":{"start":{"line":79,"column":27},"end":{"line":79,"column":28}},"loc":{"start":{"line":79,"column":39},"end":{"line":86,"column":5}},"line":79},"12":{"name":"(anonymous_12)","decl":{"start":{"line":91,"column":28},"end":{"line":91,"column":29}},"loc":{"start":{"line":91,"column":39},"end":{"line":106,"column":1}},"line":91},"13":{"name":"(anonymous_13)","decl":{"start":{"line":95,"column":31},"end":{"line":95,"column":32}},"loc":{"start":{"line":95,"column":43},"end":{"line":99,"column":3}},"line":95},"14":{"name":"(anonymous_14)","decl":{"start":{"line":100,"column":40},"end":{"line":100,"column":41}},"loc":{"start":{"line":100,"column":58},"end":{"line":103,"column":3}},"line":100},"15":{"name":"(anonymous_15)","decl":{"start":{"line":108,"column":35},"end":{"line":108,"column":36}},"loc":{"start":{"line":108,"column":52},"end":{"line":112,"column":1}},"line":108},"16":{"name":"(anonymous_16)","decl":{"start":{"line":109,"column":9},"end":{"line":109,"column":10}},"loc":{"start":{"line":109,"column":21},"end":{"line":111,"column":3}},"line":109},"17":{"name":"(anonymous_17)","decl":{"start":{"line":114,"column":33},"end":{"line":114,"column":34}},"loc":{"start":{"line":114,"column":39},"end":{"line":162,"column":1}},"line":114},"18":{"name":"(anonymous_18)","decl":{"start":{"line":115,"column":9},"end":{"line":115,"column":10}},"loc":{"start":{"line":115,"column":33},"end":{"line":161,"column":3}},"line":115},"19":{"name":"(anonymous_19)","decl":{"start":{"line":121,"column":22},"end":{"line":121,"column":23}},"loc":{"start":{"line":121,"column":34},"end":{"line":123,"column":5}},"line":121},"20":{"name":"(anonymous_20)","decl":{"start":{"line":129,"column":26},"end":{"line":129,"column":27}},"loc":{"start":{"line":129,"column":32},"end":{"line":131,"column":5}},"line":129},"21":{"name":"(anonymous_21)","decl":{"start":{"line":135,"column":22},"end":{"line":135,"column":23}},"loc":{"start":{"line":135,"column":39},"end":{"line":148,"column":5}},"line":135}},"branchMap":{"0":{"loc":{"start":{"line":26,"column":8},"end":{"line":28,"column":9}},"type":"if","locations":[{"start":{"line":26,"column":8},"end":{"line":28,"column":9}},{"start":{"line":26,"column":8},"end":{"line":28,"column":9}}],"line":26},"1":{"loc":{"start":{"line":42,"column":4},"end":{"line":46,"column":5}},"type":"if","locations":[{"start":{"line":42,"column":4},"end":{"line":46,"column":5}},{"start":{"line":42,"column":4},"end":{"line":46,"column":5}}],"line":42},"2":{"loc":{"start":{"line":81,"column":6},"end":{"line":85,"column":7}},"type":"if","locations":[{"start":{"line":81,"column":6},"end":{"line":85,"column":7}},{"start":{"line":81,"column":6},"end":{"line":85,"column":7}}],"line":81}},"s":{"0":0,"1":0,"2":0,"3":0,"4":0,"5":0,"6":0,"7":0,"8":0,"9":0,"10":0,"11":0,"12":0,"13":0,"14":0,"15":0,"16":0,"17":0,"18":0,"19":0,"20":0,"21":0,"22":0,"23":0,"24":0,"25":0,"26":0,"27":0,"28":0,"29":0,"30":0,"31":0,"32":0,"33":0,"34":0,"35":0,"36":0,"37":0,"38":0,"39":0,"40":0,"41":0,"42":0,"43":0,"44":0,"45":0,"46":0,"47":0,"48":0,"49":0,"50":0,"51":0,"52":0,"53":0,"54":0,"55":0,"56":0,"57":0,"58":0,"59":0,"60":0,"61":0,"62":0,"63":0,"64":0,"65":0,"66":0,"67":0,"68":0,"69":0},"f":{"0":0,"1":0,"2":0,"3":0,"4":0,"5":0,"6":0,"7":0,"8":0,"9":0,"10":0,"11":0,"12":0,"13":0,"14":0,"15":0,"16":0,"17":0,"18":0,"19":0,"20":0,"21":0},"b":{"0":[0,0],"1":[0,0],"2":[0,0]},"hash":"bdb27c18e44c88751a56d12b1c4c4299413b2362"}
,"C:\\Users\\User\\Desktop\\covid19\\charite-app\\src\\app\\creator\\duck\\questionnaire_order.js": {"path":"C:\\Users\\User\\Desktop\\covid19\\charite-app\\src\\app\\creator\\duck\\questionnaire_order.js","statementMap":{"0":{"start":{"line":15,"column":17},"end":{"line":22,"column":1}},"1":{"start":{"line":24,"column":35},"end":{"line":232,"column":2}}},"fnMap":{},"branchMap":{},"s":{"0":0,"1":0},"f":{},"b":{},"hash":"9dd61c527771557df07cbad7565ccd8a1a2851af"}
,"C:\\Users\\User\\Desktop\\covid19\\charite-app\\src\\app\\creator\\duck\\questionnaire_strings.js": {"path":"C:\\Users\\User\\Desktop\\covid19\\charite-app\\src\\app\\creator\\duck\\questionnaire_strings.js","statementMap":{"0":{"start":{"line":1,"column":32},"end":{"line":146,"column":1}},"1":{"start":{"line":148,"column":32},"end":{"line":293,"column":1}},"2":{"start":{"line":295,"column":29},"end":{"line":298,"column":1}}},"fnMap":{},"branchMap":{},"s":{"0":0,"1":0,"2":0},"f":{},"b":{},"hash":"af6033c5b59fe907ca5e1ac4a45320d8ef0f3d0b"}
,"C:\\Users\\User\\Desktop\\covid19\\charite-app\\src\\app\\creator\\duck\\reducers.js": {"path":"C:\\Users\\User\\Desktop\\covid19\\charite-app\\src\\app\\creator\\duck\\reducers.js","statementMap":{"0":{"start":{"line":14,"column":28},"end":{"line":22,"column":1}},"1":{"start":{"line":25,"column":2},"end":{"line":82,"column":3}},"2":{"start":{"line":27,"column":6},"end":{"line":30,"column":7}},"3":{"start":{"line":32,"column":6},"end":{"line":35,"column":7}},"4":{"start":{"line":37,"column":6},"end":{"line":40,"column":7}},"5":{"start":{"line":42,"column":6},"end":{"line":45,"column":7}},"6":{"start":{"line":47,"column":6},"end":{"line":50,"column":7}},"7":{"start":{"line":52,"column":26},"end":{"line":52,"column":83}},"8":{"start":{"line":53,"column":6},"end":{"line":56,"column":7}},"9":{"start":{"line":58,"column":23},"end":{"line":58,"column":42}},"10":{"start":{"line":59,"column":6},"end":{"line":59,"column":40}},"11":{"start":{"line":60,"column":6},"end":{"line":63,"column":7}},"12":{"start":{"line":65,"column":23},"end":{"line":65,"column":39}},"13":{"start":{"line":67,"column":6},"end":{"line":69,"column":7}},"14":{"start":{"line":68,"column":8},"end":{"line":68,"column":57}},"15":{"start":{"line":71,"column":6},"end":{"line":74,"column":7}},"16":{"start":{"line":76,"column":6},"end":{"line":79,"column":7}},"17":{"start":{"line":81,"column":6},"end":{"line":81,"column":18}}},"fnMap":{"0":{"name":"(anonymous_0)","decl":{"start":{"line":24,"column":15},"end":{"line":24,"column":16}},"loc":{"start":{"line":24,"column":49},"end":{"line":83,"column":1}},"line":24}},"branchMap":{"0":{"loc":{"start":{"line":24,"column":16},"end":{"line":24,"column":36}},"type":"default-arg","locations":[{"start":{"line":24,"column":24},"end":{"line":24,"column":36}}],"line":24},"1":{"loc":{"start":{"line":25,"column":2},"end":{"line":82,"column":3}},"type":"switch","locations":[{"start":{"line":26,"column":4},"end":{"line":30,"column":7}},{"start":{"line":31,"column":4},"end":{"line":35,"column":7}},{"start":{"line":36,"column":4},"end":{"line":40,"column":7}},{"start":{"line":41,"column":4},"end":{"line":45,"column":7}},{"start":{"line":46,"column":4},"end":{"line":50,"column":7}},{"start":{"line":51,"column":4},"end":{"line":56,"column":7}},{"start":{"line":57,"column":4},"end":{"line":63,"column":7}},{"start":{"line":64,"column":4},"end":{"line":74,"column":7}},{"start":{"line":75,"column":4},"end":{"line":79,"column":7}},{"start":{"line":80,"column":4},"end":{"line":81,"column":18}}],"line":25},"2":{"loc":{"start":{"line":67,"column":6},"end":{"line":69,"column":7}},"type":"if","locations":[{"start":{"line":67,"column":6},"end":{"line":69,"column":7}},{"start":{"line":67,"column":6},"end":{"line":69,"column":7}}],"line":67}},"s":{"0":2,"1":8,"2":1,"3":1,"4":1,"5":1,"6":1,"7":0,"8":0,"9":2,"10":2,"11":2,"12":0,"13":0,"14":0,"15":0,"16":0,"17":1},"f":{"0":8},"b":{"0":[1],"1":[1,1,1,1,1,0,2,0,0,1],"2":[0,0]},"_coverageSchema":"43e27e138ebf9cfc5966b082cf9a028302ed4184","hash":"24d7aeccd4cc35421491318d5e4208dfd86cc722"}
,"C:\\Users\\User\\Desktop\\covid19\\charite-app\\src\\app\\creator\\duck\\amazon-connect\\contactflow.js": {"path":"C:\\Users\\User\\Desktop\\covid19\\charite-app\\src\\app\\creator\\duck\\amazon-connect\\contactflow.js","statementMap":{"0":{"start":{"line":16,"column":27},"end":{"line":31,"column":1}}},"fnMap":{},"branchMap":{},"s":{"0":1},"f":{},"b":{},"_coverageSchema":"43e27e138ebf9cfc5966b082cf9a028302ed4184","hash":"51175f025a9d7083f2c6460aee3c4dd8f5271cfd"}
,"C:\\Users\\User\\Desktop\\covid19\\charite-app\\src\\app\\creator\\duck\\amazon-connect\\contactflowattribute.js": {"path":"C:\\Users\\User\\Desktop\\covid19\\charite-app\\src\\app\\creator\\duck\\amazon-connect\\contactflowattribute.js","statementMap":{"0":{"start":{"line":4,"column":28},"end":{"line":5,"column":1}},"1":{"start":{"line":7,"column":25},"end":{"line":15,"column":1}},"2":{"start":{"line":18,"column":36},"end":{"line":50,"column":1}},"3":{"start":{"line":22,"column":2},"end":{"line":49,"column":3}},"4":{"start":{"line":52,"column":0},"end":{"line":52,"column":42}},"5":{"start":{"line":53,"column":0},"end":{"line":53,"column":48}}},"fnMap":{"0":{"name":"(anonymous_0)","decl":{"start":{"line":18,"column":36},"end":{"line":18,"column":37}},"loc":{"start":{"line":20,"column":8},"end":{"line":50,"column":1}},"line":20}},"branchMap":{},"s":{"0":5,"1":5,"2":5,"3":0,"4":5,"5":5},"f":{"0":0},"b":{},"_coverageSchema":"43e27e138ebf9cfc5966b082cf9a028302ed4184","hash":"ffd9aafc2f0abda167b2016b834209c6c925ad4d"}
,"C:\\Users\\User\\Desktop\\covid19\\charite-app\\src\\app\\creator\\duck\\amazon-connect\\contactflowend.js": {"path":"C:\\Users\\User\\Desktop\\covid19\\charite-app\\src\\app\\creator\\duck\\amazon-connect\\contactflowend.js","statementMap":{"0":{"start":{"line":3,"column":28},"end":{"line":6,"column":1}},"1":{"start":{"line":8,"column":25},"end":{"line":12,"column":1}},"2":{"start":{"line":14,"column":30},"end":{"line":32,"column":1}},"3":{"start":{"line":20,"column":2},"end":{"line":31,"column":3}},"4":{"start":{"line":34,"column":0},"end":{"line":34,"column":36}},"5":{"start":{"line":35,"column":0},"end":{"line":35,"column":42}}},"fnMap":{"0":{"name":"(anonymous_0)","decl":{"start":{"line":14,"column":30},"end":{"line":14,"column":31}},"loc":{"start":{"line":18,"column":8},"end":{"line":32,"column":1}},"line":18}},"branchMap":{"0":{"loc":{"start":{"line":16,"column":4},"end":{"line":16,"column":38}},"type":"default-arg","locations":[{"start":{"line":16,"column":16},"end":{"line":16,"column":38}}],"line":16},"1":{"loc":{"start":{"line":17,"column":4},"end":{"line":17,"column":38}},"type":"default-arg","locations":[{"start":{"line":17,"column":16},"end":{"line":17,"column":38}}],"line":17}},"s":{"0":5,"1":5,"2":5,"3":0,"4":5,"5":5},"f":{"0":0},"b":{"0":[0],"1":[0]},"_coverageSchema":"43e27e138ebf9cfc5966b082cf9a028302ed4184","hash":"3ca4be0474bf1565ba9f933410e19514d6cdc1a1"}
,"C:\\Users\\User\\Desktop\\covid19\\charite-app\\src\\app\\creator\\duck\\amazon-connect\\contactflowerror.js": {"path":"C:\\Users\\User\\Desktop\\covid19\\charite-app\\src\\app\\creator\\duck\\amazon-connect\\contactflowerror.js","statementMap":{"0":{"start":{"line":3,"column":28},"end":{"line":8,"column":1}},"1":{"start":{"line":10,"column":25},"end":{"line":16,"column":1}},"2":{"start":{"line":18,"column":32},"end":{"line":55,"column":1}},"3":{"start":{"line":27,"column":2},"end":{"line":54,"column":3}},"4":{"start":{"line":57,"column":0},"end":{"line":57,"column":38}},"5":{"start":{"line":58,"column":0},"end":{"line":58,"column":44}}},"fnMap":{"0":{"name":"(anonymous_0)","decl":{"start":{"line":18,"column":32},"end":{"line":18,"column":33}},"loc":{"start":{"line":24,"column":8},"end":{"line":55,"column":1}},"line":24}},"branchMap":{"0":{"loc":{"start":{"line":20,"column":4},"end":{"line":20,"column":38}},"type":"default-arg","locations":[{"start":{"line":20,"column":16},"end":{"line":20,"column":38}}],"line":20},"1":{"loc":{"start":{"line":21,"column":4},"end":{"line":21,"column":38}},"type":"default-arg","locations":[{"start":{"line":21,"column":16},"end":{"line":21,"column":38}}],"line":21},"2":{"loc":{"start":{"line":22,"column":4},"end":{"line":22,"column":38}},"type":"default-arg","locations":[{"start":{"line":22,"column":16},"end":{"line":22,"column":38}}],"line":22},"3":{"loc":{"start":{"line":23,"column":4},"end":{"line":23,"column":40}},"type":"default-arg","locations":[{"start":{"line":23,"column":17},"end":{"line":23,"column":40}}],"line":23}},"s":{"0":5,"1":5,"2":5,"3":0,"4":5,"5":5},"f":{"0":0},"b":{"0":[0],"1":[0],"2":[0],"3":[0]},"_coverageSchema":"43e27e138ebf9cfc5966b082cf9a028302ed4184","hash":"5a8dbe5da68a14e05de5e110e1fd4cb00755d967"}
,"C:\\Users\\User\\Desktop\\covid19\\charite-app\\src\\app\\creator\\duck\\amazon-connect\\contactflowinvokeexternal.js": {"path":"C:\\Users\\User\\Desktop\\covid19\\charite-app\\src\\app\\creator\\duck\\amazon-connect\\contactflowinvokeexternal.js","statementMap":{"0":{"start":{"line":4,"column":28},"end":{"line":8,"column":1}},"1":{"start":{"line":10,"column":25},"end":{"line":18,"column":1}},"2":{"start":{"line":20,"column":41},"end":{"line":77,"column":1}},"3":{"start":{"line":27,"column":26},"end":{"line":27,"column":28}},"4":{"start":{"line":28,"column":24},"end":{"line":28,"column":26}},"5":{"start":{"line":30,"column":2},"end":{"line":40,"column":4}},"6":{"start":{"line":31,"column":26},"end":{"line":36,"column":5}},"7":{"start":{"line":37,"column":26},"end":{"line":37,"column":40}},"8":{"start":{"line":38,"column":4},"end":{"line":38,"column":43}},"9":{"start":{"line":39,"column":4},"end":{"line":39,"column":32}},"10":{"start":{"line":42,"column":2},"end":{"line":76,"column":3}},"11":{"start":{"line":79,"column":0},"end":{"line":79,"column":47}},"12":{"start":{"line":80,"column":0},"end":{"line":80,"column":53}}},"fnMap":{"0":{"name":"(anonymous_0)","decl":{"start":{"line":20,"column":41},"end":{"line":20,"column":42}},"loc":{"start":{"line":25,"column":8},"end":{"line":77,"column":1}},"line":25},"1":{"name":"(anonymous_1)","decl":{"start":{"line":30,"column":21},"end":{"line":30,"column":22}},"loc":{"start":{"line":30,"column":33},"end":{"line":40,"column":3}},"line":30}},"branchMap":{"0":{"loc":{"start":{"line":22,"column":4},"end":{"line":22,"column":38}},"type":"default-arg","locations":[{"start":{"line":22,"column":16},"end":{"line":22,"column":38}}],"line":22},"1":{"loc":{"start":{"line":23,"column":4},"end":{"line":23,"column":38}},"type":"default-arg","locations":[{"start":{"line":23,"column":16},"end":{"line":23,"column":38}}],"line":23},"2":{"loc":{"start":{"line":24,"column":4},"end":{"line":24,"column":36}},"type":"default-arg","locations":[{"start":{"line":24,"column":15},"end":{"line":24,"column":36}}],"line":24}},"s":{"0":3,"1":3,"2":3,"3":0,"4":0,"5":0,"6":0,"7":0,"8":0,"9":0,"10":0,"11":3,"12":3},"f":{"0":0,"1":0},"b":{"0":[0],"1":[0],"2":[0]},"_coverageSchema":"43e27e138ebf9cfc5966b082cf9a028302ed4184","hash":"d5613e39115aa0938d0aefe0886090b7dca1a3bd"}
,"C:\\Users\\User\\Desktop\\covid19\\charite-app\\src\\app\\creator\\duck\\amazon-connect\\contactflowlogging.js": {"path":"C:\\Users\\User\\Desktop\\covid19\\charite-app\\src\\app\\creator\\duck\\amazon-connect\\contactflowlogging.js","statementMap":{"0":{"start":{"line":4,"column":28},"end":{"line":7,"column":1}},"1":{"start":{"line":9,"column":25},"end":{"line":13,"column":1}},"2":{"start":{"line":15,"column":34},"end":{"line":47,"column":1}},"3":{"start":{"line":21,"column":2},"end":{"line":46,"column":3}},"4":{"start":{"line":49,"column":0},"end":{"line":49,"column":40}},"5":{"start":{"line":50,"column":0},"end":{"line":50,"column":46}}},"fnMap":{"0":{"name":"(anonymous_0)","decl":{"start":{"line":15,"column":34},"end":{"line":15,"column":35}},"loc":{"start":{"line":19,"column":8},"end":{"line":47,"column":1}},"line":19}},"branchMap":{"0":{"loc":{"start":{"line":17,"column":4},"end":{"line":17,"column":38}},"type":"default-arg","locations":[{"start":{"line":17,"column":16},"end":{"line":17,"column":38}}],"line":17},"1":{"loc":{"start":{"line":18,"column":4},"end":{"line":18,"column":38}},"type":"default-arg","locations":[{"start":{"line":18,"column":16},"end":{"line":18,"column":38}}],"line":18}},"s":{"0":3,"1":3,"2":3,"3":0,"4":3,"5":3},"f":{"0":0},"b":{"0":[0],"1":[0]},"_coverageSchema":"43e27e138ebf9cfc5966b082cf9a028302ed4184","hash":"50bc206b2d06205c5e80b75361b5a6a7e9d62e9e"}
,"C:\\Users\\User\\Desktop\\covid19\\charite-app\\src\\app\\creator\\duck\\amazon-connect\\contactflowplayprompt.js": {"path":"C:\\Users\\User\\Desktop\\covid19\\charite-app\\src\\app\\creator\\duck\\amazon-connect\\contactflowplayprompt.js","statementMap":{"0":{"start":{"line":4,"column":28},"end":{"line":8,"column":1}},"1":{"start":{"line":10,"column":25},"end":{"line":18,"column":1}},"2":{"start":{"line":20,"column":37},"end":{"line":59,"column":1}},"3":{"start":{"line":27,"column":2},"end":{"line":58,"column":3}},"4":{"start":{"line":61,"column":0},"end":{"line":61,"column":43}},"5":{"start":{"line":62,"column":0},"end":{"line":62,"column":49}}},"fnMap":{"0":{"name":"(anonymous_0)","decl":{"start":{"line":20,"column":37},"end":{"line":20,"column":38}},"loc":{"start":{"line":25,"column":8},"end":{"line":59,"column":1}},"line":25}},"branchMap":{"0":{"loc":{"start":{"line":22,"column":4},"end":{"line":22,"column":38}},"type":"default-arg","locations":[{"start":{"line":22,"column":16},"end":{"line":22,"column":38}}],"line":22},"1":{"loc":{"start":{"line":23,"column":4},"end":{"line":23,"column":38}},"type":"default-arg","locations":[{"start":{"line":23,"column":16},"end":{"line":23,"column":38}}],"line":23},"2":{"loc":{"start":{"line":24,"column":4},"end":{"line":24,"column":40}},"type":"default-arg","locations":[{"start":{"line":24,"column":17},"end":{"line":24,"column":40}}],"line":24}},"s":{"0":4,"1":4,"2":4,"3":0,"4":4,"5":4},"f":{"0":0},"b":{"0":[0],"1":[0],"2":[0]},"_coverageSchema":"43e27e138ebf9cfc5966b082cf9a028302ed4184","hash":"c8570dc9259d7163ba4fa5407c58122b57564526"}
,"C:\\Users\\User\\Desktop\\covid19\\charite-app\\src\\app\\creator\\duck\\amazon-connect\\contactflowquestion.js": {"path":"C:\\Users\\User\\Desktop\\covid19\\charite-app\\src\\app\\creator\\duck\\amazon-connect\\contactflowquestion.js","statementMap":{"0":{"start":{"line":10,"column":28},"end":{"line":13,"column":1}},"1":{"start":{"line":15,"column":25},"end":{"line":19,"column":1}},"2":{"start":{"line":21,"column":35},"end":{"line":97,"column":1}},"3":{"start":{"line":27,"column":30},"end":{"line":27,"column":63}},"4":{"start":{"line":29,"column":22},"end":{"line":29,"column":28}},"5":{"start":{"line":30,"column":25},"end":{"line":30,"column":31}},"6":{"start":{"line":31,"column":24},"end":{"line":31,"column":30}},"7":{"start":{"line":32,"column":27},"end":{"line":32,"column":33}},"8":{"start":{"line":35,"column":34},"end":{"line":38,"column":8}},"9":{"start":{"line":39,"column":22},"end":{"line":39,"column":24}},"10":{"start":{"line":41,"column":29},"end":{"line":41,"column":52}},"11":{"start":{"line":42,"column":6},"end":{"line":42,"column":34}},"12":{"start":{"line":44,"column":32},"end":{"line":49,"column":8}},"13":{"start":{"line":50,"column":6},"end":{"line":50,"column":37}},"14":{"start":{"line":52,"column":31},"end":{"line":55,"column":8}},"15":{"start":{"line":56,"column":6},"end":{"line":56,"column":36}},"16":{"start":{"line":58,"column":34},"end":{"line":62,"column":8}},"17":{"start":{"line":63,"column":6},"end":{"line":63,"column":39}},"18":{"start":{"line":65,"column":27},"end":{"line":65,"column":29}},"19":{"start":{"line":67,"column":6},"end":{"line":74,"column":7}},"20":{"start":{"line":68,"column":8},"end":{"line":68,"column":31}},"21":{"start":{"line":69,"column":8},"end":{"line":71,"column":10}},"22":{"start":{"line":70,"column":10},"end":{"line":70,"column":36}},"23":{"start":{"line":73,"column":8},"end":{"line":73,"column":34}},"24":{"start":{"line":76,"column":6},"end":{"line":76,"column":35}},"25":{"start":{"line":78,"column":35},"end":{"line":91,"column":8}},"26":{"start":{"line":92,"column":6},"end":{"line":92,"column":40}},"27":{"start":{"line":94,"column":6},"end":{"line":94,"column":43}},"28":{"start":{"line":96,"column":4},"end":{"line":96,"column":30}}},"fnMap":{"0":{"name":"(anonymous_0)","decl":{"start":{"line":21,"column":35},"end":{"line":21,"column":36}},"loc":{"start":{"line":25,"column":8},"end":{"line":97,"column":1}},"line":25},"1":{"name":"(anonymous_1)","decl":{"start":{"line":69,"column":33},"end":{"line":69,"column":34}},"loc":{"start":{"line":69,"column":47},"end":{"line":71,"column":9}},"line":69}},"branchMap":{"0":{"loc":{"start":{"line":23,"column":4},"end":{"line":23,"column":38}},"type":"default-arg","locations":[{"start":{"line":23,"column":16},"end":{"line":23,"column":38}}],"line":23},"1":{"loc":{"start":{"line":24,"column":4},"end":{"line":24,"column":38}},"type":"default-arg","locations":[{"start":{"line":24,"column":16},"end":{"line":24,"column":38}}],"line":24},"2":{"loc":{"start":{"line":67,"column":6},"end":{"line":74,"column":7}},"type":"if","locations":[{"start":{"line":67,"column":6},"end":{"line":74,"column":7}},{"start":{"line":67,"column":6},"end":{"line":74,"column":7}}],"line":67}},"s":{"0":2,"1":2,"2":2,"3":0,"4":0,"5":0,"6":0,"7":0,"8":0,"9":0,"10":0,"11":0,"12":0,"13":0,"14":0,"15":0,"16":0,"17":0,"18":0,"19":0,"20":0,"21":0,"22":0,"23":0,"24":0,"25":0,"26":0,"27":0,"28":0},"f":{"0":0,"1":0},"b":{"0":[0],"1":[0],"2":[0,0]},"_coverageSchema":"43e27e138ebf9cfc5966b082cf9a028302ed4184","hash":"237bb9a9771dffe3e163e41da7f57b28da9c5124"}
,"C:\\Users\\User\\Desktop\\covid19\\charite-app\\src\\app\\creator\\duck\\amazon-connect\\contactflowrepeat.js": {"path":"C:\\Users\\User\\Desktop\\covid19\\charite-app\\src\\app\\creator\\duck\\amazon-connect\\contactflowrepeat.js","statementMap":{"0":{"start":{"line":4,"column":28},"end":{"line":7,"column":1}},"1":{"start":{"line":9,"column":25},"end":{"line":16,"column":1}},"2":{"start":{"line":18,"column":33},"end":{"line":51,"column":1}},"3":{"start":{"line":23,"column":2},"end":{"line":50,"column":3}},"4":{"start":{"line":53,"column":0},"end":{"line":53,"column":39}},"5":{"start":{"line":54,"column":0},"end":{"line":54,"column":45}}},"fnMap":{"0":{"name":"(anonymous_0)","decl":{"start":{"line":18,"column":33},"end":{"line":18,"column":34}},"loc":{"start":{"line":22,"column":8},"end":{"line":51,"column":1}},"line":22}},"branchMap":{"0":{"loc":{"start":{"line":20,"column":4},"end":{"line":20,"column":28}},"type":"default-arg","locations":[{"start":{"line":20,"column":11},"end":{"line":20,"column":28}}],"line":20},"1":{"loc":{"start":{"line":21,"column":4},"end":{"line":21,"column":40}},"type":"default-arg","locations":[{"start":{"line":21,"column":17},"end":{"line":21,"column":40}}],"line":21}},"s":{"0":3,"1":3,"2":3,"3":0,"4":3,"5":3},"f":{"0":0},"b":{"0":[0],"1":[0]},"_coverageSchema":"43e27e138ebf9cfc5966b082cf9a028302ed4184","hash":"6afb0e26b978132496d57e0edc9cc7754c97f6d7"}
,"C:\\Users\\User\\Desktop\\covid19\\charite-app\\src\\app\\creator\\duck\\amazon-connect\\contactflowstaticend.js": {"path":"C:\\Users\\User\\Desktop\\covid19\\charite-app\\src\\app\\creator\\duck\\amazon-connect\\contactflowstaticend.js","statementMap":{"0":{"start":{"line":10,"column":28},"end":{"line":12,"column":1}},"1":{"start":{"line":14,"column":25},"end":{"line":17,"column":1}},"2":{"start":{"line":20,"column":36},"end":{"line":79,"column":1}},"3":{"start":{"line":25,"column":23},"end":{"line":25,"column":29}},"4":{"start":{"line":26,"column":25},"end":{"line":26,"column":31}},"5":{"start":{"line":27,"column":23},"end":{"line":27,"column":29}},"6":{"start":{"line":28,"column":22},"end":{"line":28,"column":28}},"7":{"start":{"line":29,"column":28},"end":{"line":29,"column":34}},"8":{"start":{"line":31,"column":22},"end":{"line":34,"column":6}},"9":{"start":{"line":35,"column":23},"end":{"line":35,"column":25}},"10":{"start":{"line":37,"column":21},"end":{"line":40,"column":6}},"11":{"start":{"line":41,"column":4},"end":{"line":41,"column":29}},"12":{"start":{"line":43,"column":23},"end":{"line":43,"column":49}},"13":{"start":{"line":44,"column":4},"end":{"line":44,"column":31}},"14":{"start":{"line":46,"column":23},"end":{"line":46,"column":33}},"15":{"start":{"line":47,"column":23},"end":{"line":47,"column":63}},"16":{"start":{"line":49,"column":23},"end":{"line":54,"column":6}},"17":{"start":{"line":55,"column":4},"end":{"line":55,"column":31}},"18":{"start":{"line":57,"column":22},"end":{"line":65,"column":6}},"19":{"start":{"line":66,"column":4},"end":{"line":66,"column":30}},"20":{"start":{"line":68,"column":23},"end":{"line":73,"column":6}},"21":{"start":{"line":74,"column":4},"end":{"line":74,"column":31}},"22":{"start":{"line":76,"column":4},"end":{"line":76,"column":34}},"23":{"start":{"line":78,"column":4},"end":{"line":78,"column":20}},"24":{"start":{"line":81,"column":0},"end":{"line":81,"column":42}},"25":{"start":{"line":82,"column":0},"end":{"line":82,"column":48}}},"fnMap":{"0":{"name":"(anonymous_0)","decl":{"start":{"line":20,"column":36},"end":{"line":20,"column":37}},"loc":{"start":{"line":23,"column":8},"end":{"line":79,"column":1}},"line":23}},"branchMap":{"0":{"loc":{"start":{"line":22,"column":4},"end":{"line":22,"column":28}},"type":"default-arg","locations":[{"start":{"line":22,"column":11},"end":{"line":22,"column":28}}],"line":22}},"s":{"0":2,"1":2,"2":2,"3":0,"4":0,"5":0,"6":0,"7":0,"8":0,"9":0,"10":0,"11":0,"12":0,"13":0,"14":0,"15":0,"16":0,"17":0,"18":0,"19":0,"20":0,"21":0,"22":0,"23":0,"24":2,"25":2},"f":{"0":0},"b":{"0":[0]},"_coverageSchema":"43e27e138ebf9cfc5966b082cf9a028302ed4184","hash":"3c86d065ed64a4e3ac1d62601ddd3a47db05f1d3"}
,"C:\\Users\\User\\Desktop\\covid19\\charite-app\\src\\app\\creator\\duck\\amazon-connect\\contactflowstaticstart.js": {"path":"C:\\Users\\User\\Desktop\\covid19\\charite-app\\src\\app\\creator\\duck\\amazon-connect\\contactflowstaticstart.js","statementMap":{"0":{"start":{"line":12,"column":28},"end":{"line":14,"column":1}},"1":{"start":{"line":16,"column":25},"end":{"line":18,"column":1}},"2":{"start":{"line":21,"column":38},"end":{"line":80,"column":1}},"3":{"start":{"line":24,"column":25},"end":{"line":24,"column":31}},"4":{"start":{"line":25,"column":27},"end":{"line":25,"column":33}},"5":{"start":{"line":26,"column":25},"end":{"line":26,"column":31}},"6":{"start":{"line":27,"column":30},"end":{"line":27,"column":36}},"7":{"start":{"line":28,"column":22},"end":{"line":28,"column":28}},"8":{"start":{"line":29,"column":25},"end":{"line":29,"column":31}},"9":{"start":{"line":31,"column":24},"end":{"line":34,"column":6}},"10":{"start":{"line":35,"column":25},"end":{"line":35,"column":27}},"11":{"start":{"line":37,"column":23},"end":{"line":40,"column":6}},"12":{"start":{"line":41,"column":4},"end":{"line":41,"column":33}},"13":{"start":{"line":43,"column":21},"end":{"line":45,"column":6}},"14":{"start":{"line":46,"column":4},"end":{"line":46,"column":31}},"15":{"start":{"line":48,"column":26},"end":{"line":52,"column":6}},"16":{"start":{"line":53,"column":4},"end":{"line":53,"column":36}},"17":{"start":{"line":55,"column":25},"end":{"line":59,"column":6}},"18":{"start":{"line":60,"column":4},"end":{"line":60,"column":35}},"19":{"start":{"line":62,"column":23},"end":{"line":66,"column":6}},"20":{"start":{"line":67,"column":4},"end":{"line":67,"column":33}},"21":{"start":{"line":69,"column":26},"end":{"line":74,"column":6}},"22":{"start":{"line":75,"column":4},"end":{"line":75,"column":36}},"23":{"start":{"line":77,"column":4},"end":{"line":77,"column":38}},"24":{"start":{"line":79,"column":4},"end":{"line":79,"column":22}},"25":{"start":{"line":82,"column":0},"end":{"line":82,"column":44}},"26":{"start":{"line":83,"column":0},"end":{"line":83,"column":50}}},"fnMap":{"0":{"name":"(anonymous_0)","decl":{"start":{"line":21,"column":38},"end":{"line":21,"column":39}},"loc":{"start":{"line":23,"column":8},"end":{"line":80,"column":1}},"line":23}},"branchMap":{"0":{"loc":{"start":{"line":22,"column":4},"end":{"line":22,"column":28}},"type":"default-arg","locations":[{"start":{"line":22,"column":11},"end":{"line":22,"column":28}}],"line":22}},"s":{"0":2,"1":2,"2":2,"3":0,"4":0,"5":0,"6":0,"7":0,"8":0,"9":0,"10":0,"11":0,"12":0,"13":0,"14":0,"15":0,"16":0,"17":0,"18":0,"19":0,"20":0,"21":0,"22":0,"23":0,"24":0,"25":2,"26":2},"f":{"0":0},"b":{"0":[0]},"_coverageSchema":"43e27e138ebf9cfc5966b082cf9a028302ed4184","hash":"c45aa6ae8aa4db4a345c9ab9b09bbe9eddc079b1"}
,"C:\\Users\\User\\Desktop\\covid19\\charite-app\\src\\app\\creator\\duck\\amazon-connect\\contactflowtransfer.js": {"path":"C:\\Users\\User\\Desktop\\covid19\\charite-app\\src\\app\\creator\\duck\\amazon-connect\\contactflowtransfer.js","statementMap":{"0":{"start":{"line":5,"column":28},"end":{"line":9,"column":1}},"1":{"start":{"line":11,"column":25},"end":{"line":19,"column":1}},"2":{"start":{"line":21,"column":35},"end":{"line":58,"column":1}},"3":{"start":{"line":29,"column":2},"end":{"line":57,"column":3}},"4":{"start":{"line":60,"column":0},"end":{"line":60,"column":41}},"5":{"start":{"line":61,"column":0},"end":{"line":61,"column":47}}},"fnMap":{"0":{"name":"(anonymous_0)","decl":{"start":{"line":21,"column":35},"end":{"line":21,"column":36}},"loc":{"start":{"line":27,"column":8},"end":{"line":58,"column":1}},"line":27}},"branchMap":{"0":{"loc":{"start":{"line":23,"column":4},"end":{"line":23,"column":38}},"type":"default-arg","locations":[{"start":{"line":23,"column":16},"end":{"line":23,"column":38}}],"line":23},"1":{"loc":{"start":{"line":24,"column":4},"end":{"line":24,"column":38}},"type":"default-arg","locations":[{"start":{"line":24,"column":16},"end":{"line":24,"column":38}}],"line":24},"2":{"loc":{"start":{"line":25,"column":4},"end":{"line":25,"column":36}},"type":"default-arg","locations":[{"start":{"line":25,"column":15},"end":{"line":25,"column":36}}],"line":25},"3":{"loc":{"start":{"line":26,"column":4},"end":{"line":26,"column":40}},"type":"default-arg","locations":[{"start":{"line":26,"column":17},"end":{"line":26,"column":40}}],"line":26}},"s":{"0":4,"1":4,"2":4,"3":0,"4":4,"5":4},"f":{"0":0},"b":{"0":[0],"1":[0],"2":[0],"3":[0]},"_coverageSchema":"43e27e138ebf9cfc5966b082cf9a028302ed4184","hash":"86ed86712c4c91fa3ef1f7044e257555e8ff21dd"}
,"C:\\Users\\User\\Desktop\\covid19\\charite-app\\src\\app\\creator\\duck\\amazon-connect\\contactflowuserinput.js": {"path":"C:\\Users\\User\\Desktop\\covid19\\charite-app\\src\\app\\creator\\duck\\amazon-connect\\contactflowuserinput.js","statementMap":{"0":{"start":{"line":6,"column":28},"end":{"line":8,"column":1}},"1":{"start":{"line":10,"column":25},"end":{"line":23,"column":1}},"2":{"start":{"line":25,"column":36},"end":{"line":156,"column":1}},"3":{"start":{"line":40,"column":28},"end":{"line":40,"column":30}},"4":{"start":{"line":42,"column":25},"end":{"line":55,"column":3}},"5":{"start":{"line":60,"column":2},"end":{"line":119,"column":3}},"6":{"start":{"line":62,"column":4},"end":{"line":100,"column":6}},"7":{"start":{"line":63,"column":34},"end":{"line":63,"column":40}},"8":{"start":{"line":65,"column":35},"end":{"line":68,"column":7}},"9":{"start":{"line":69,"column":6},"end":{"line":69,"column":50}},"10":{"start":{"line":73,"column":6},"end":{"line":78,"column":7}},"11":{"start":{"line":74,"column":8},"end":{"line":74,"column":45}},"12":{"start":{"line":75,"column":8},"end":{"line":75,"column":32}},"13":{"start":{"line":77,"column":8},"end":{"line":77,"column":32}},"14":{"start":{"line":80,"column":16},"end":{"line":80,"column":53}},"15":{"start":{"line":81,"column":6},"end":{"line":81,"column":27}},"16":{"start":{"line":83,"column":33},"end":{"line":91,"column":8}},"17":{"start":{"line":92,"column":6},"end":{"line":92,"column":40}},"18":{"start":{"line":94,"column":6},"end":{"line":99,"column":7}},"19":{"start":{"line":103,"column":32},"end":{"line":103,"column":49}},"20":{"start":{"line":105,"column":33},"end":{"line":108,"column":5}},"21":{"start":{"line":110,"column":4},"end":{"line":110,"column":48}},"22":{"start":{"line":112,"column":4},"end":{"line":117,"column":6}},"23":{"start":{"line":121,"column":19},"end":{"line":121,"column":58}},"24":{"start":{"line":123,"column":2},"end":{"line":155,"column":3}},"25":{"start":{"line":158,"column":0},"end":{"line":158,"column":42}},"26":{"start":{"line":159,"column":0},"end":{"line":159,"column":48}}},"fnMap":{"0":{"name":"(anonymous_0)","decl":{"start":{"line":25,"column":36},"end":{"line":25,"column":37}},"loc":{"start":{"line":38,"column":8},"end":{"line":156,"column":1}},"line":38},"1":{"name":"(anonymous_1)","decl":{"start":{"line":62,"column":43},"end":{"line":62,"column":44}},"loc":{"start":{"line":62,"column":57},"end":{"line":100,"column":5}},"line":62}},"branchMap":{"0":{"loc":{"start":{"line":37,"column":4},"end":{"line":37,"column":40}},"type":"default-arg","locations":[{"start":{"line":37,"column":17},"end":{"line":37,"column":40}}],"line":37},"1":{"loc":{"start":{"line":60,"column":2},"end":{"line":119,"column":3}},"type":"if","locations":[{"start":{"line":60,"column":2},"end":{"line":119,"column":3}},{"start":{"line":60,"column":2},"end":{"line":119,"column":3}}],"line":60},"2":{"loc":{"start":{"line":73,"column":6},"end":{"line":78,"column":7}},"type":"if","locations":[{"start":{"line":73,"column":6},"end":{"line":78,"column":7}},{"start":{"line":73,"column":6},"end":{"line":78,"column":7}}],"line":73},"3":{"loc":{"start":{"line":73,"column":9},"end":{"line":73,"column":92}},"type":"binary-expr","locations":[{"start":{"line":73,"column":9},"end":{"line":73,"column":51}},{"start":{"line":73,"column":55},"end":{"line":73,"column":92}}],"line":73}},"s":{"0":3,"1":3,"2":3,"3":0,"4":0,"5":0,"6":0,"7":0,"8":0,"9":0,"10":0,"11":0,"12":0,"13":0,"14":0,"15":0,"16":0,"17":0,"18":0,"19":0,"20":0,"21":0,"22":0,"23":0,"24":0,"25":3,"26":3},"f":{"0":0,"1":0},"b":{"0":[0],"1":[0,0],"2":[0,0],"3":[0,0]},"_coverageSchema":"43e27e138ebf9cfc5966b082cf9a028302ed4184","hash":"4bd9ab9c2a72f5db8127dc494b31304d4a411af2"}
,"C:\\Users\\User\\Desktop\\covid19\\charite-app\\src\\app\\creator\\duck\\amazon-connect\\contactflowvoice.js": {"path":"C:\\Users\\User\\Desktop\\covid19\\charite-app\\src\\app\\creator\\duck\\amazon-connect\\contactflowvoice.js","statementMap":{"0":{"start":{"line":4,"column":28},"end":{"line":8,"column":1}},"1":{"start":{"line":10,"column":25},"end":{"line":17,"column":1}},"2":{"start":{"line":19,"column":32},"end":{"line":53,"column":1}},"3":{"start":{"line":27,"column":2},"end":{"line":52,"column":3}},"4":{"start":{"line":55,"column":0},"end":{"line":55,"column":38}},"5":{"start":{"line":56,"column":0},"end":{"line":56,"column":44}}},"fnMap":{"0":{"name":"(anonymous_0)","decl":{"start":{"line":19,"column":32},"end":{"line":19,"column":33}},"loc":{"start":{"line":24,"column":8},"end":{"line":53,"column":1}},"line":24}},"branchMap":{"0":{"loc":{"start":{"line":21,"column":4},"end":{"line":21,"column":38}},"type":"default-arg","locations":[{"start":{"line":21,"column":16},"end":{"line":21,"column":38}}],"line":21},"1":{"loc":{"start":{"line":22,"column":4},"end":{"line":22,"column":38}},"type":"default-arg","locations":[{"start":{"line":22,"column":16},"end":{"line":22,"column":38}}],"line":22},"2":{"loc":{"start":{"line":23,"column":4},"end":{"line":23,"column":38}},"type":"default-arg","locations":[{"start":{"line":23,"column":16},"end":{"line":23,"column":38}}],"line":23}},"s":{"0":3,"1":3,"2":3,"3":0,"4":3,"5":3},"f":{"0":0},"b":{"0":[0],"1":[0],"2":[0]},"_coverageSchema":"43e27e138ebf9cfc5966b082cf9a028302ed4184","hash":"427a1b7b8fca9604430d93c9d3ce3523fadcaf38"}
,"C:\\Users\\User\\Desktop\\covid19\\charite-app\\src\\app\\creator\\duck\\amazon-connect\\emptycontactflow.js": {"path":"C:\\Users\\User\\Desktop\\covid19\\charite-app\\src\\app\\creator\\duck\\amazon-connect\\emptycontactflow.js","statementMap":{"0":{"start":{"line":3,"column":28},"end":{"line":9,"column":1}},"1":{"start":{"line":11,"column":25},"end":{"line":19,"column":1}},"2":{"start":{"line":22,"column":32},"end":{"line":48,"column":1}},"3":{"start":{"line":31,"column":2},"end":{"line":47,"column":3}},"4":{"start":{"line":50,"column":0},"end":{"line":50,"column":38}},"5":{"start":{"line":51,"column":0},"end":{"line":51,"column":44}}},"fnMap":{"0":{"name":"(anonymous_0)","decl":{"start":{"line":22,"column":32},"end":{"line":22,"column":33}},"loc":{"start":{"line":29,"column":8},"end":{"line":48,"column":1}},"line":29}},"branchMap":{"0":{"loc":{"start":{"line":24,"column":2},"end":{"line":24,"column":32}},"type":"default-arg","locations":[{"start":{"line":24,"column":12},"end":{"line":24,"column":32}}],"line":24},"1":{"loc":{"start":{"line":25,"column":2},"end":{"line":25,"column":36}},"type":"default-arg","locations":[{"start":{"line":25,"column":14},"end":{"line":25,"column":36}}],"line":25},"2":{"loc":{"start":{"line":26,"column":2},"end":{"line":26,"column":36}},"type":"default-arg","locations":[{"start":{"line":26,"column":14},"end":{"line":26,"column":36}}],"line":26},"3":{"loc":{"start":{"line":27,"column":2},"end":{"line":27,"column":40}},"type":"default-arg","locations":[{"start":{"line":27,"column":16},"end":{"line":27,"column":40}}],"line":27},"4":{"loc":{"start":{"line":28,"column":2},"end":{"line":28,"column":38}},"type":"default-arg","locations":[{"start":{"line":28,"column":15},"end":{"line":28,"column":38}}],"line":28}},"s":{"0":5,"1":5,"2":5,"3":0,"4":5,"5":5},"f":{"0":0},"b":{"0":[0],"1":[0],"2":[0],"3":[0],"4":[0]},"_coverageSchema":"43e27e138ebf9cfc5966b082cf9a028302ed4184","hash":"2056c437c52d8cc3c6055576e5827677852a266c"}
}
