{"C:\\Users\\User\\Desktop\\covid19\\charite-app\\src\\index.js": {"path":"C:\\Users\\User\\Desktop\\covid19\\charite-app\\src\\index.js","statementMap":{"0":{"start":{"line":9,"column":14},"end":{"line":9,"column":30}},"1":{"start":{"line":11,"column":0},"end":{"line":16,"column":2}}},"fnMap":{},"branchMap":{},"s":{"0":0,"1":0},"f":{},"b":{},"hash":"d0ef6c37e627d3b2c645e3c77c4abb38acd8a90f"}
,"C:\\Users\\User\\Desktop\\covid19\\charite-app\\src\\reducers.js": {"path":"C:\\Users\\User\\Desktop\\covid19\\charite-app\\src\\reducers.js","statementMap":{},"fnMap":{},"branchMap":{},"s":{},"f":{},"b":{},"hash":"c4154612831af8ee912fb1148da4a19a1fe7c14b"}
,"C:\\Users\\User\\Desktop\\covid19\\charite-app\\src\\store.js": {"path":"C:\\Users\\User\\Desktop\\covid19\\charite-app\\src\\store.js","statementMap":{"0":{"start":{"line":6,"column":25},"end":{"line":6,"column":39}},"1":{"start":{"line":7,"column":25},"end":{"line":7,"column":79}},"2":{"start":{"line":10,"column":4},"end":{"line":14,"column":5}}},"fnMap":{"0":{"name":"configureStore","decl":{"start":{"line":9,"column":24},"end":{"line":9,"column":38}},"loc":{"start":{"line":9,"column":55},"end":{"line":15,"column":1}},"line":9}},"branchMap":{"0":{"loc":{"start":{"line":7,"column":25},"end":{"line":7,"column":79}},"type":"binary-expr","locations":[{"start":{"line":7,"column":25},"end":{"line":7,"column":68}},{"start":{"line":7,"column":72},"end":{"line":7,"column":79}}],"line":7}},"s":{"0":0,"1":0,"2":0},"f":{"0":0},"b":{"0":[0,0]},"hash":"8bdf65e5fe3585a1d5e5bf00cdd5c6ee58d060b6"}
,"C:\\Users\\User\\Desktop\\covid19\\charite-app\\src\\app\\App.js": {"path":"C:\\Users\\User\\Desktop\\covid19\\charite-app\\src\\app\\App.js","statementMap":{"0":{"start":{"line":5,"column":2},"end":{"line":7,"column":3}}},"fnMap":{"0":{"name":"App","decl":{"start":{"line":4,"column":24},"end":{"line":4,"column":27}},"loc":{"start":{"line":4,"column":30},"end":{"line":8,"column":1}},"line":4}},"branchMap":{},"s":{"0":0},"f":{"0":0},"b":{},"hash":"b66ab65d44737f159bf0009995010ab1afc2c14f"}
,"C:\\Users\\User\\Desktop\\covid19\\charite-app\\src\\app\\creator\\CreatorComponent.jsx": {"path":"C:\\Users\\User\\Desktop\\covid19\\charite-app\\src\\app\\creator\\CreatorComponent.jsx","statementMap":{"0":{"start":{"line":13,"column":28},"end":{"line":18,"column":1}},"1":{"start":{"line":20,"column":32},"end":{"line":86,"column":1}},"2":{"start":{"line":34,"column":6},"end":{"line":34,"column":11}},"3":{"start":{"line":36,"column":14},"end":{"line":41,"column":3}},"4":{"start":{"line":43,"column":2},"end":{"line":85,"column":3}},"5":{"start":{"line":51,"column":10},"end":{"line":51,"column":135}},"6":{"start":{"line":51,"column":72},"end":{"line":51,"column":106}},"7":{"start":{"line":56,"column":33},"end":{"line":56,"column":59}},"8":{"start":{"line":57,"column":33},"end":{"line":57,"column":55}},"9":{"start":{"line":62,"column":97},"end":{"line":62,"column":122}},"10":{"start":{"line":68,"column":12},"end":{"line":80,"column":19}},"11":{"start":{"line":88,"column":0},"end":{"line":88,"column":44}}},"fnMap":{"0":{"name":"(anonymous_0)","decl":{"start":{"line":20,"column":32},"end":{"line":20,"column":33}},"loc":{"start":{"line":20,"column":41},"end":{"line":86,"column":1}},"line":20},"1":{"name":"(anonymous_1)","decl":{"start":{"line":50,"column":33},"end":{"line":50,"column":34}},"loc":{"start":{"line":51,"column":10},"end":{"line":51,"column":135}},"line":51},"2":{"name":"(anonymous_2)","decl":{"start":{"line":51,"column":66},"end":{"line":51,"column":67}},"loc":{"start":{"line":51,"column":72},"end":{"line":51,"column":106}},"line":51},"3":{"name":"(anonymous_3)","decl":{"start":{"line":56,"column":27},"end":{"line":56,"column":28}},"loc":{"start":{"line":56,"column":33},"end":{"line":56,"column":59}},"line":56},"4":{"name":"(anonymous_4)","decl":{"start":{"line":57,"column":27},"end":{"line":57,"column":28}},"loc":{"start":{"line":57,"column":33},"end":{"line":57,"column":55}},"line":57},"5":{"name":"(anonymous_5)","decl":{"start":{"line":62,"column":91},"end":{"line":62,"column":92}},"loc":{"start":{"line":62,"column":97},"end":{"line":62,"column":122}},"line":62},"6":{"name":"(anonymous_6)","decl":{"start":{"line":67,"column":31},"end":{"line":67,"column":32}},"loc":{"start":{"line":68,"column":12},"end":{"line":80,"column":19}},"line":68}},"branchMap":{"0":{"loc":{"start":{"line":60,"column":28},"end":{"line":60,"column":48}},"type":"binary-expr","locations":[{"start":{"line":60,"column":28},"end":{"line":60,"column":34}},{"start":{"line":60,"column":38},"end":{"line":60,"column":48}}],"line":60},"1":{"loc":{"start":{"line":61,"column":28},"end":{"line":61,"column":64}},"type":"binary-expr","locations":[{"start":{"line":61,"column":28},"end":{"line":61,"column":34}},{"start":{"line":61,"column":38},"end":{"line":61,"column":48}},{"start":{"line":61,"column":52},"end":{"line":61,"column":64}}],"line":61},"2":{"loc":{"start":{"line":62,"column":28},"end":{"line":62,"column":80}},"type":"binary-expr","locations":[{"start":{"line":62,"column":28},"end":{"line":62,"column":34}},{"start":{"line":62,"column":38},"end":{"line":62,"column":48}},{"start":{"line":62,"column":52},"end":{"line":62,"column":64}},{"start":{"line":62,"column":68},"end":{"line":62,"column":80}}],"line":62},"3":{"loc":{"start":{"line":76,"column":63},"end":{"line":76,"column":108}},"type":"binary-expr","locations":[{"start":{"line":76,"column":63},"end":{"line":76,"column":71}},{"start":{"line":76,"column":75},"end":{"line":76,"column":108}}],"line":76}},"s":{"0":0,"1":0,"2":0,"3":0,"4":0,"5":0,"6":0,"7":0,"8":0,"9":0,"10":0,"11":0},"f":{"0":0,"1":0,"2":0,"3":0,"4":0,"5":0,"6":0},"b":{"0":[0,0],"1":[0,0,0],"2":[0,0,0,0],"3":[0,0]},"hash":"e1bdceb13272e1ab63ab8f23af079aa6bda42c37"}
,"C:\\Users\\User\\Desktop\\covid19\\charite-app\\src\\app\\creator\\CreatorContainer.js": {"path":"C:\\Users\\User\\Desktop\\covid19\\charite-app\\src\\app\\creator\\CreatorContainer.js","statementMap":{"0":{"start":{"line":5,"column":31},"end":{"line":11,"column":2}},"1":{"start":{"line":5,"column":53},"end":{"line":11,"column":1}},"2":{"start":{"line":13,"column":34},"end":{"line":19,"column":1}}},"fnMap":{"0":{"name":"(anonymous_0)","decl":{"start":{"line":5,"column":31},"end":{"line":5,"column":32}},"loc":{"start":{"line":5,"column":53},"end":{"line":11,"column":1}},"line":5}},"branchMap":{},"s":{"0":0,"1":0,"2":0},"f":{"0":0},"b":{},"hash":"444e095fe782c2bd023897205e5c85ba99125e25"}
,"C:\\Users\\User\\Desktop\\covid19\\charite-app\\src\\app\\creator\\index.js": {"path":"C:\\Users\\User\\Desktop\\covid19\\charite-app\\src\\app\\creator\\index.js","statementMap":{},"fnMap":{},"branchMap":{},"s":{},"f":{},"b":{},"hash":"7033ad28899b0cfe9acc5f17de0e6f52b8ced6aa"}
,"C:\\Users\\User\\Desktop\\covid19\\charite-app\\src\\app\\creator\\duck\\actions.js": {"path":"C:\\Users\\User\\Desktop\\covid19\\charite-app\\src\\app\\creator\\duck\\actions.js","statementMap":{"0":{"start":{"line":1,"column":44},"end":{"line":1,"column":74}},"1":{"start":{"line":2,"column":39},"end":{"line":2,"column":64}},"2":{"start":{"line":3,"column":28},"end":{"line":3,"column":42}},"3":{"start":{"line":4,"column":32},"end":{"line":4,"column":50}},"4":{"start":{"line":5,"column":49},"end":{"line":5,"column":84}},"5":{"start":{"line":6,"column":32},"end":{"line":6,"column":50}},"6":{"start":{"line":7,"column":24},"end":{"line":7,"column":34}},"7":{"start":{"line":10,"column":39},"end":{"line":13,"column":2}},"8":{"start":{"line":10,"column":53},"end":{"line":13,"column":1}},"9":{"start":{"line":15,"column":37},"end":{"line":18,"column":2}},"10":{"start":{"line":15,"column":47},"end":{"line":18,"column":1}},"11":{"start":{"line":20,"column":27},"end":{"line":23,"column":2}},"12":{"start":{"line":20,"column":40},"end":{"line":23,"column":1}},"13":{"start":{"line":25,"column":30},"end":{"line":28,"column":2}},"14":{"start":{"line":25,"column":39},"end":{"line":28,"column":1}},"15":{"start":{"line":30,"column":45},"end":{"line":33,"column":2}},"16":{"start":{"line":30,"column":54},"end":{"line":33,"column":1}},"17":{"start":{"line":35,"column":30},"end":{"line":38,"column":2}},"18":{"start":{"line":35,"column":46},"end":{"line":38,"column":1}},"19":{"start":{"line":40,"column":23},"end":{"line":43,"column":2}},"20":{"start":{"line":40,"column":32},"end":{"line":43,"column":1}}},"fnMap":{"0":{"name":"(anonymous_0)","decl":{"start":{"line":10,"column":39},"end":{"line":10,"column":40}},"loc":{"start":{"line":10,"column":53},"end":{"line":13,"column":1}},"line":10},"1":{"name":"(anonymous_1)","decl":{"start":{"line":15,"column":37},"end":{"line":15,"column":38}},"loc":{"start":{"line":15,"column":47},"end":{"line":18,"column":1}},"line":15},"2":{"name":"(anonymous_2)","decl":{"start":{"line":20,"column":27},"end":{"line":20,"column":28}},"loc":{"start":{"line":20,"column":40},"end":{"line":23,"column":1}},"line":20},"3":{"name":"(anonymous_3)","decl":{"start":{"line":25,"column":30},"end":{"line":25,"column":31}},"loc":{"start":{"line":25,"column":39},"end":{"line":28,"column":1}},"line":25},"4":{"name":"(anonymous_4)","decl":{"start":{"line":30,"column":45},"end":{"line":30,"column":46}},"loc":{"start":{"line":30,"column":54},"end":{"line":33,"column":1}},"line":30},"5":{"name":"(anonymous_5)","decl":{"start":{"line":35,"column":30},"end":{"line":35,"column":31}},"loc":{"start":{"line":35,"column":46},"end":{"line":38,"column":1}},"line":35},"6":{"name":"(anonymous_6)","decl":{"start":{"line":40,"column":23},"end":{"line":40,"column":24}},"loc":{"start":{"line":40,"column":32},"end":{"line":43,"column":1}},"line":40}},"branchMap":{},"s":{"0":3,"1":3,"2":3,"3":3,"4":3,"5":3,"6":3,"7":3,"8":2,"9":3,"10":2,"11":3,"12":2,"13":3,"14":2,"15":3,"16":3,"17":3,"18":3,"19":3,"20":3},"f":{"0":2,"1":2,"2":2,"3":2,"4":3,"5":3,"6":3},"b":{},"_coverageSchema":"43e27e138ebf9cfc5966b082cf9a028302ed4184","hash":"a144e97a70779be5a7e53d8229eea0142a519648"}
,"C:\\Users\\User\\Desktop\\covid19\\charite-app\\src\\app\\creator\\duck\\index.js": {"path":"C:\\Users\\User\\Desktop\\covid19\\charite-app\\src\\app\\creator\\duck\\index.js","statementMap":{},"fnMap":{},"branchMap":{},"s":{},"f":{},"b":{},"_coverageSchema":"43e27e138ebf9cfc5966b082cf9a028302ed4184","hash":"2f372e3b75a641d8cd9d44e2dfc5d91d90e3b9ec"}
,"C:\\Users\\User\\Desktop\\covid19\\charite-app\\src\\app\\creator\\duck\\operations.js": {"path":"C:\\Users\\User\\Desktop\\covid19\\charite-app\\src\\app\\creator\\duck\\operations.js","statementMap":{"0":{"start":{"line":41,"column":29},"end":{"line":49,"column":1}},"1":{"start":{"line":42,"column":2},"end":{"line":48,"column":3}},"2":{"start":{"line":43,"column":4},"end":{"line":47,"column":5}},"3":{"start":{"line":44,"column":6},"end":{"line":44,"column":54}},"4":{"start":{"line":46,"column":6},"end":{"line":46,"column":58}},"5":{"start":{"line":51,"column":36},"end":{"line":55,"column":1}},"6":{"start":{"line":52,"column":2},"end":{"line":54,"column":3}},"7":{"start":{"line":53,"column":4},"end":{"line":53,"column":35}},"8":{"start":{"line":57,"column":36},"end":{"line":66,"column":1}},"9":{"start":{"line":58,"column":16},"end":{"line":58,"column":63}},"10":{"start":{"line":58,"column":47},"end":{"line":58,"column":62}},"11":{"start":{"line":59,"column":2},"end":{"line":65,"column":4}},"12":{"start":{"line":68,"column":34},"end":{"line":73,"column":1}},"13":{"start":{"line":69,"column":2},"end":{"line":72,"column":4}},"14":{"start":{"line":75,"column":26},"end":{"line":90,"column":1}},"15":{"start":{"line":76,"column":2},"end":{"line":89,"column":3}},"16":{"start":{"line":77,"column":18},"end":{"line":77,"column":28}},"17":{"start":{"line":78,"column":43},"end":{"line":78,"column":56}},"18":{"start":{"line":79,"column":20},"end":{"line":79,"column":39}},"19":{"start":{"line":80,"column":17},"end":{"line":87,"column":6}},"20":{"start":{"line":82,"column":6},"end":{"line":86,"column":7}},"21":{"start":{"line":83,"column":8},"end":{"line":83,"column":52}},"22":{"start":{"line":85,"column":8},"end":{"line":85,"column":54}},"23":{"start":{"line":88,"column":4},"end":{"line":88,"column":34}},"24":{"start":{"line":92,"column":28},"end":{"line":95,"column":1}},"25":{"start":{"line":93,"column":2},"end":{"line":93,"column":76}},"26":{"start":{"line":94,"column":2},"end":{"line":94,"column":19}},"27":{"start":{"line":97,"column":38},"end":{"line":116,"column":1}},"28":{"start":{"line":98,"column":20},"end":{"line":98,"column":26}},"29":{"start":{"line":99,"column":2},"end":{"line":115,"column":3}},"30":{"start":{"line":118,"column":38},"end":{"line":147,"column":1}},"31":{"start":{"line":119,"column":2},"end":{"line":146,"column":3}},"32":{"start":{"line":149,"column":36},"end":{"line":162,"column":1}},"33":{"start":{"line":150,"column":2},"end":{"line":161,"column":3}},"34":{"start":{"line":164,"column":48},"end":{"line":194,"column":1}},"35":{"start":{"line":166,"column":25},"end":{"line":166,"column":31}},"36":{"start":{"line":168,"column":2},"end":{"line":193,"column":3}},"37":{"start":{"line":196,"column":38},"end":{"line":226,"column":1}},"38":{"start":{"line":198,"column":25},"end":{"line":198,"column":31}},"39":{"start":{"line":200,"column":2},"end":{"line":225,"column":3}},"40":{"start":{"line":228,"column":41},"end":{"line":264,"column":1}},"41":{"start":{"line":230,"column":25},"end":{"line":230,"column":31}},"42":{"start":{"line":232,"column":2},"end":{"line":263,"column":3}},"43":{"start":{"line":266,"column":42},"end":{"line":390,"column":1}},"44":{"start":{"line":279,"column":28},"end":{"line":279,"column":30}},"45":{"start":{"line":281,"column":25},"end":{"line":294,"column":3}},"46":{"start":{"line":298,"column":2},"end":{"line":336,"column":3}},"47":{"start":{"line":299,"column":4},"end":{"line":317,"column":6}},"48":{"start":{"line":300,"column":16},"end":{"line":300,"column":21}},"49":{"start":{"line":301,"column":27},"end":{"line":301,"column":33}},"50":{"start":{"line":302,"column":34},"end":{"line":302,"column":40}},"51":{"start":{"line":304,"column":35},"end":{"line":307,"column":7}},"52":{"start":{"line":309,"column":6},"end":{"line":309,"column":50}},"53":{"start":{"line":311,"column":6},"end":{"line":316,"column":7}},"54":{"start":{"line":319,"column":25},"end":{"line":319,"column":31}},"55":{"start":{"line":320,"column":32},"end":{"line":320,"column":38}},"56":{"start":{"line":322,"column":33},"end":{"line":325,"column":5}},"57":{"start":{"line":327,"column":4},"end":{"line":327,"column":48}},"58":{"start":{"line":329,"column":4},"end":{"line":334,"column":6}},"59":{"start":{"line":358,"column":19},"end":{"line":358,"column":58}},"60":{"start":{"line":360,"column":2},"end":{"line":389,"column":3}},"61":{"start":{"line":392,"column":39},"end":{"line":418,"column":1}},"62":{"start":{"line":393,"column":2},"end":{"line":417,"column":3}},"63":{"start":{"line":420,"column":42},"end":{"line":449,"column":1}},"64":{"start":{"line":421,"column":55},"end":{"line":421,"column":58}},"65":{"start":{"line":422,"column":25},"end":{"line":422,"column":31}},"66":{"start":{"line":424,"column":2},"end":{"line":448,"column":3}},"67":{"start":{"line":451,"column":33},"end":{"line":537,"column":1}},"68":{"start":{"line":452,"column":2},"end":{"line":536,"column":3}},"69":{"start":{"line":453,"column":32},"end":{"line":453,"column":38}},"70":{"start":{"line":454,"column":30},"end":{"line":454,"column":36}},"71":{"start":{"line":456,"column":16},"end":{"line":456,"column":26}},"72":{"start":{"line":457,"column":22},"end":{"line":457,"column":47}},"73":{"start":{"line":458,"column":19},"end":{"line":458,"column":41}},"74":{"start":{"line":460,"column":24},"end":{"line":460,"column":48}},"75":{"start":{"line":461,"column":4},"end":{"line":461,"column":56}},"76":{"start":{"line":463,"column":29},"end":{"line":463,"column":91}},"77":{"start":{"line":464,"column":4},"end":{"line":464,"column":46}},"78":{"start":{"line":466,"column":39},"end":{"line":466,"column":111}},"79":{"start":{"line":467,"column":4},"end":{"line":467,"column":56}},"80":{"start":{"line":469,"column":29},"end":{"line":469,"column":123}},"81":{"start":{"line":470,"column":4},"end":{"line":470,"column":46}},"82":{"start":{"line":472,"column":32},"end":{"line":472,"column":119}},"83":{"start":{"line":473,"column":4},"end":{"line":473,"column":49}},"84":{"start":{"line":475,"column":4},"end":{"line":475,"column":65}},"85":{"start":{"line":477,"column":12},"end":{"line":477,"column":15}},"86":{"start":{"line":478,"column":12},"end":{"line":478,"column":15}},"87":{"start":{"line":480,"column":24},"end":{"line":480,"column":45}},"88":{"start":{"line":481,"column":4},"end":{"line":535,"column":6}},"89":{"start":{"line":482,"column":6},"end":{"line":482,"column":24}},"90":{"start":{"line":483,"column":6},"end":{"line":483,"column":39}},"91":{"start":{"line":485,"column":21},"end":{"line":485,"column":33}},"92":{"start":{"line":486,"column":23},"end":{"line":486,"column":29}},"93":{"start":{"line":487,"column":30},"end":{"line":487,"column":88}},"94":{"start":{"line":488,"column":6},"end":{"line":488,"column":17}},"95":{"start":{"line":489,"column":6},"end":{"line":489,"column":17}},"96":{"start":{"line":495,"column":8},"end":{"line":495,"column":31}},"97":{"start":{"line":496,"column":18},"end":{"line":502,"column":7}},"98":{"start":{"line":505,"column":6},"end":{"line":505,"column":49}},"99":{"start":{"line":506,"column":33},"end":{"line":506,"column":66}},"100":{"start":{"line":507,"column":6},"end":{"line":527,"column":8}},"101":{"start":{"line":507,"column":53},"end":{"line":507,"column":83}},"102":{"start":{"line":508,"column":8},"end":{"line":508,"column":36}},"103":{"start":{"line":509,"column":8},"end":{"line":509,"column":19}},"104":{"start":{"line":510,"column":8},"end":{"line":513,"column":9}},"105":{"start":{"line":511,"column":10},"end":{"line":511,"column":21}},"106":{"start":{"line":512,"column":10},"end":{"line":512,"column":17}},"107":{"start":{"line":514,"column":23},"end":{"line":514,"column":35}},"108":{"start":{"line":515,"column":20},"end":{"line":515,"column":25}},"109":{"start":{"line":516,"column":20},"end":{"line":516,"column":57}},"110":{"start":{"line":517,"column":20},"end":{"line":523,"column":9}},"111":{"start":{"line":524,"column":35},"end":{"line":524,"column":68}},"112":{"start":{"line":525,"column":8},"end":{"line":525,"column":54}},"113":{"start":{"line":528,"column":6},"end":{"line":528,"column":68}},"114":{"start":{"line":529,"column":6},"end":{"line":529,"column":52}},"115":{"start":{"line":530,"column":6},"end":{"line":530,"column":17}},"116":{"start":{"line":531,"column":6},"end":{"line":534,"column":7}},"117":{"start":{"line":532,"column":8},"end":{"line":532,"column":19}},"118":{"start":{"line":533,"column":8},"end":{"line":533,"column":15}}},"fnMap":{"0":{"name":"(anonymous_0)","decl":{"start":{"line":41,"column":29},"end":{"line":41,"column":30}},"loc":{"start":{"line":41,"column":36},"end":{"line":49,"column":1}},"line":41},"1":{"name":"(anonymous_1)","decl":{"start":{"line":42,"column":9},"end":{"line":42,"column":10}},"loc":{"start":{"line":42,"column":21},"end":{"line":48,"column":3}},"line":42},"2":{"name":"(anonymous_2)","decl":{"start":{"line":51,"column":36},"end":{"line":51,"column":37}},"loc":{"start":{"line":51,"column":48},"end":{"line":55,"column":1}},"line":51},"3":{"name":"(anonymous_3)","decl":{"start":{"line":52,"column":9},"end":{"line":52,"column":10}},"loc":{"start":{"line":52,"column":21},"end":{"line":54,"column":3}},"line":52},"4":{"name":"(anonymous_4)","decl":{"start":{"line":57,"column":36},"end":{"line":57,"column":37}},"loc":{"start":{"line":57,"column":59},"end":{"line":66,"column":1}},"line":57},"5":{"name":"(anonymous_5)","decl":{"start":{"line":58,"column":37},"end":{"line":58,"column":38}},"loc":{"start":{"line":58,"column":47},"end":{"line":58,"column":62}},"line":58},"6":{"name":"(anonymous_6)","decl":{"start":{"line":68,"column":34},"end":{"line":68,"column":35}},"loc":{"start":{"line":68,"column":57},"end":{"line":73,"column":1}},"line":68},"7":{"name":"(anonymous_7)","decl":{"start":{"line":75,"column":26},"end":{"line":75,"column":27}},"loc":{"start":{"line":75,"column":32},"end":{"line":90,"column":1}},"line":75},"8":{"name":"(anonymous_8)","decl":{"start":{"line":76,"column":9},"end":{"line":76,"column":10}},"loc":{"start":{"line":76,"column":33},"end":{"line":89,"column":3}},"line":76},"9":{"name":"(anonymous_9)","decl":{"start":{"line":80,"column":27},"end":{"line":80,"column":28}},"loc":{"start":{"line":80,"column":39},"end":{"line":87,"column":5}},"line":80},"10":{"name":"(anonymous_10)","decl":{"start":{"line":92,"column":28},"end":{"line":92,"column":29}},"loc":{"start":{"line":92,"column":36},"end":{"line":95,"column":1}},"line":92},"11":{"name":"(anonymous_11)","decl":{"start":{"line":97,"column":38},"end":{"line":97,"column":39}},"loc":{"start":{"line":97,"column":44},"end":{"line":116,"column":1}},"line":97},"12":{"name":"(anonymous_12)","decl":{"start":{"line":118,"column":38},"end":{"line":118,"column":39}},"loc":{"start":{"line":118,"column":65},"end":{"line":147,"column":1}},"line":118},"13":{"name":"(anonymous_13)","decl":{"start":{"line":149,"column":36},"end":{"line":149,"column":37}},"loc":{"start":{"line":149,"column":42},"end":{"line":162,"column":1}},"line":149},"14":{"name":"(anonymous_14)","decl":{"start":{"line":164,"column":48},"end":{"line":164,"column":49}},"loc":{"start":{"line":164,"column":77},"end":{"line":194,"column":1}},"line":164},"15":{"name":"(anonymous_15)","decl":{"start":{"line":196,"column":38},"end":{"line":196,"column":39}},"loc":{"start":{"line":196,"column":67},"end":{"line":226,"column":1}},"line":196},"16":{"name":"(anonymous_16)","decl":{"start":{"line":228,"column":41},"end":{"line":228,"column":42}},"loc":{"start":{"line":228,"column":70},"end":{"line":264,"column":1}},"line":228},"17":{"name":"(anonymous_17)","decl":{"start":{"line":266,"column":42},"end":{"line":266,"column":43}},"loc":{"start":{"line":266,"column":49},"end":{"line":390,"column":1}},"line":266},"18":{"name":"(anonymous_18)","decl":{"start":{"line":299,"column":47},"end":{"line":299,"column":48}},"loc":{"start":{"line":299,"column":61},"end":{"line":317,"column":5}},"line":299},"19":{"name":"(anonymous_19)","decl":{"start":{"line":392,"column":39},"end":{"line":392,"column":40}},"loc":{"start":{"line":392,"column":73},"end":{"line":418,"column":1}},"line":392},"20":{"name":"(anonymous_20)","decl":{"start":{"line":420,"column":42},"end":{"line":420,"column":43}},"loc":{"start":{"line":420,"column":49},"end":{"line":449,"column":1}},"line":420},"21":{"name":"(anonymous_21)","decl":{"start":{"line":451,"column":33},"end":{"line":451,"column":34}},"loc":{"start":{"line":451,"column":39},"end":{"line":537,"column":1}},"line":451},"22":{"name":"(anonymous_22)","decl":{"start":{"line":452,"column":9},"end":{"line":452,"column":10}},"loc":{"start":{"line":452,"column":33},"end":{"line":536,"column":3}},"line":452},"23":{"name":"(anonymous_23)","decl":{"start":{"line":481,"column":24},"end":{"line":481,"column":25}},"loc":{"start":{"line":481,"column":41},"end":{"line":535,"column":5}},"line":481},"24":{"name":"(anonymous_24)","decl":{"start":{"line":507,"column":43},"end":{"line":507,"column":44}},"loc":{"start":{"line":507,"column":53},"end":{"line":507,"column":83}},"line":507},"25":{"name":"(anonymous_25)","decl":{"start":{"line":507,"column":93},"end":{"line":507,"column":94}},"loc":{"start":{"line":507,"column":105},"end":{"line":527,"column":7}},"line":507}},"branchMap":{"0":{"loc":{"start":{"line":43,"column":4},"end":{"line":47,"column":5}},"type":"if","locations":[{"start":{"line":43,"column":4},"end":{"line":47,"column":5}},{"start":{"line":43,"column":4},"end":{"line":47,"column":5}}],"line":43},"1":{"loc":{"start":{"line":82,"column":6},"end":{"line":86,"column":7}},"type":"if","locations":[{"start":{"line":82,"column":6},"end":{"line":86,"column":7}},{"start":{"line":82,"column":6},"end":{"line":86,"column":7}}],"line":82},"2":{"loc":{"start":{"line":298,"column":2},"end":{"line":336,"column":3}},"type":"if","locations":[{"start":{"line":298,"column":2},"end":{"line":336,"column":3}},{"start":{"line":298,"column":2},"end":{"line":336,"column":3}}],"line":298},"3":{"loc":{"start":{"line":510,"column":8},"end":{"line":513,"column":9}},"type":"if","locations":[{"start":{"line":510,"column":8},"end":{"line":513,"column":9}},{"start":{"line":510,"column":8},"end":{"line":513,"column":9}}],"line":510},"4":{"loc":{"start":{"line":510,"column":12},"end":{"line":510,"column":32}},"type":"binary-expr","locations":[{"start":{"line":510,"column":12},"end":{"line":510,"column":21}},{"start":{"line":510,"column":25},"end":{"line":510,"column":32}}],"line":510},"5":{"loc":{"start":{"line":531,"column":6},"end":{"line":534,"column":7}},"type":"if","locations":[{"start":{"line":531,"column":6},"end":{"line":534,"column":7}},{"start":{"line":531,"column":6},"end":{"line":534,"column":7}}],"line":531},"6":{"loc":{"start":{"line":531,"column":10},"end":{"line":531,"column":30}},"type":"binary-expr","locations":[{"start":{"line":531,"column":10},"end":{"line":531,"column":19}},{"start":{"line":531,"column":23},"end":{"line":531,"column":30}}],"line":531}},"s":{"0":0,"1":0,"2":0,"3":0,"4":0,"5":0,"6":0,"7":0,"8":0,"9":0,"10":0,"11":0,"12":0,"13":0,"14":0,"15":0,"16":0,"17":0,"18":0,"19":0,"20":0,"21":0,"22":0,"23":0,"24":0,"25":0,"26":0,"27":0,"28":0,"29":0,"30":0,"31":0,"32":0,"33":0,"34":0,"35":0,"36":0,"37":0,"38":0,"39":0,"40":0,"41":0,"42":0,"43":0,"44":0,"45":0,"46":0,"47":0,"48":0,"49":0,"50":0,"51":0,"52":0,"53":0,"54":0,"55":0,"56":0,"57":0,"58":0,"59":0,"60":0,"61":0,"62":0,"63":0,"64":0,"65":0,"66":0,"67":0,"68":0,"69":0,"70":0,"71":0,"72":0,"73":0,"74":0,"75":0,"76":0,"77":0,"78":0,"79":0,"80":0,"81":0,"82":0,"83":0,"84":0,"85":0,"86":0,"87":0,"88":0,"89":0,"90":0,"91":0,"92":0,"93":0,"94":0,"95":0,"96":0,"97":0,"98":0,"99":0,"100":0,"101":0,"102":0,"103":0,"104":0,"105":0,"106":0,"107":0,"108":0,"109":0,"110":0,"111":0,"112":0,"113":0,"114":0,"115":0,"116":0,"117":0,"118":0},"f":{"0":0,"1":0,"2":0,"3":0,"4":0,"5":0,"6":0,"7":0,"8":0,"9":0,"10":0,"11":0,"12":0,"13":0,"14":0,"15":0,"16":0,"17":0,"18":0,"19":0,"20":0,"21":0,"22":0,"23":0,"24":0,"25":0},"b":{"0":[0,0],"1":[0,0],"2":[0,0],"3":[0,0],"4":[0,0],"5":[0,0],"6":[0,0]},"hash":"eba511f986ad94b4593bf6cd74d7eaae0259012b"}
,"C:\\Users\\User\\Desktop\\covid19\\charite-app\\src\\app\\creator\\duck\\questionnaire_order.js": {"path":"C:\\Users\\User\\Desktop\\covid19\\charite-app\\src\\app\\creator\\duck\\questionnaire_order.js","statementMap":{"0":{"start":{"line":15,"column":17},"end":{"line":22,"column":1}},"1":{"start":{"line":24,"column":35},"end":{"line":232,"column":2}}},"fnMap":{},"branchMap":{},"s":{"0":0,"1":0},"f":{},"b":{},"hash":"9dd61c527771557df07cbad7565ccd8a1a2851af"}
,"C:\\Users\\User\\Desktop\\covid19\\charite-app\\src\\app\\creator\\duck\\questionnaire_strings.js": {"path":"C:\\Users\\User\\Desktop\\covid19\\charite-app\\src\\app\\creator\\duck\\questionnaire_strings.js","statementMap":{"0":{"start":{"line":1,"column":32},"end":{"line":146,"column":1}},"1":{"start":{"line":148,"column":32},"end":{"line":293,"column":1}},"2":{"start":{"line":295,"column":29},"end":{"line":298,"column":1}}},"fnMap":{},"branchMap":{},"s":{"0":0,"1":0,"2":0},"f":{},"b":{},"hash":"af6033c5b59fe907ca5e1ac4a45320d8ef0f3d0b"}
,"C:\\Users\\User\\Desktop\\covid19\\charite-app\\src\\app\\creator\\duck\\reducers.js": {"path":"C:\\Users\\User\\Desktop\\covid19\\charite-app\\src\\app\\creator\\duck\\reducers.js","statementMap":{"0":{"start":{"line":12,"column":28},"end":{"line":19,"column":1}},"1":{"start":{"line":22,"column":2},"end":{"line":64,"column":3}},"2":{"start":{"line":24,"column":6},"end":{"line":27,"column":7}},"3":{"start":{"line":29,"column":6},"end":{"line":32,"column":7}},"4":{"start":{"line":34,"column":6},"end":{"line":37,"column":7}},"5":{"start":{"line":39,"column":6},"end":{"line":42,"column":7}},"6":{"start":{"line":44,"column":6},"end":{"line":47,"column":7}},"7":{"start":{"line":49,"column":26},"end":{"line":49,"column":62}},"8":{"start":{"line":50,"column":6},"end":{"line":50,"column":58}},"9":{"start":{"line":51,"column":6},"end":{"line":54,"column":7}},"10":{"start":{"line":56,"column":23},"end":{"line":56,"column":42}},"11":{"start":{"line":57,"column":6},"end":{"line":57,"column":40}},"12":{"start":{"line":58,"column":6},"end":{"line":61,"column":7}},"13":{"start":{"line":63,"column":6},"end":{"line":63,"column":18}}},"fnMap":{"0":{"name":"(anonymous_0)","decl":{"start":{"line":21,"column":15},"end":{"line":21,"column":16}},"loc":{"start":{"line":21,"column":49},"end":{"line":65,"column":1}},"line":21}},"branchMap":{"0":{"loc":{"start":{"line":21,"column":16},"end":{"line":21,"column":36}},"type":"default-arg","locations":[{"start":{"line":21,"column":24},"end":{"line":21,"column":36}}],"line":21},"1":{"loc":{"start":{"line":22,"column":2},"end":{"line":64,"column":3}},"type":"switch","locations":[{"start":{"line":23,"column":4},"end":{"line":27,"column":7}},{"start":{"line":28,"column":4},"end":{"line":32,"column":7}},{"start":{"line":33,"column":4},"end":{"line":37,"column":7}},{"start":{"line":38,"column":4},"end":{"line":42,"column":7}},{"start":{"line":43,"column":4},"end":{"line":47,"column":7}},{"start":{"line":48,"column":4},"end":{"line":54,"column":7}},{"start":{"line":55,"column":4},"end":{"line":61,"column":7}},{"start":{"line":62,"column":4},"end":{"line":63,"column":18}}],"line":22}},"s":{"0":2,"1":11,"2":1,"3":1,"4":1,"5":1,"6":2,"7":2,"8":2,"9":2,"10":2,"11":2,"12":2,"13":1},"f":{"0":11},"b":{"0":[1],"1":[1,1,1,1,2,2,2,1]},"_coverageSchema":"43e27e138ebf9cfc5966b082cf9a028302ed4184","hash":"007a574f639e6e2b0046146ea4a207d66d67b5d1"}
}
