TN:
SF:C:\Users\User\Desktop\covid19\charite-app\src\index.js
FNF:0
FNH:0
DA:9,0
DA:11,0
LF:2
LH:0
BRF:0
BRH:0
end_of_record
TN:
SF:C:\Users\User\Desktop\covid19\charite-app\src\reducers.js
FNF:0
FNH:0
LF:0
LH:0
BRF:0
BRH:0
end_of_record
TN:
SF:C:\Users\User\Desktop\covid19\charite-app\src\store.js
FN:9,configureStore
FNF:1
FNH:0
FNDA:0,configureStore
DA:6,0
DA:7,0
DA:10,0
LF:3
LH:0
BRDA:7,0,0,0
BRDA:7,0,1,0
BRF:2
BRH:0
end_of_record
TN:
SF:C:\Users\User\Desktop\covid19\charite-app\src\app\App.js
FN:4,App
FNF:1
FNH:0
FNDA:0,App
DA:5,0
LF:1
LH:0
BRF:0
BRH:0
end_of_record
TN:
SF:C:\Users\User\Desktop\covid19\charite-app\src\app\creator\CreatorComponent.jsx
FN:21,(anonymous_0)
FN:52,(anonymous_1)
FN:53,(anonymous_2)
FN:58,(anonymous_3)
FN:59,(anonymous_4)
FN:64,(anonymous_5)
FN:65,(anonymous_6)
FN:70,(anonymous_7)
FNF:8
FNH:0
FNDA:0,(anonymous_0)
FNDA:0,(anonymous_1)
FNDA:0,(anonymous_2)
FNDA:0,(anonymous_3)
FNDA:0,(anonymous_4)
FNDA:0,(anonymous_5)
FNDA:0,(anonymous_6)
FNDA:0,(anonymous_7)
DA:14,0
DA:21,0
DA:36,0
DA:38,0
DA:45,0
DA:53,0
DA:58,0
DA:59,0
DA:64,0
DA:65,0
DA:71,0
DA:91,0
LF:12
LH:0
BRDA:62,0,0,0
BRDA:62,0,1,0
BRDA:63,1,0,0
BRDA:63,1,1,0
BRDA:63,1,2,0
BRDA:64,2,0,0
BRDA:64,2,1,0
BRDA:64,2,2,0
BRDA:64,2,3,0
BRDA:65,3,0,0
BRDA:65,3,1,0
BRDA:65,3,2,0
BRDA:65,3,3,0
BRDA:79,4,0,0
BRDA:79,4,1,0
BRF:15
BRH:0
end_of_record
TN:
SF:C:\Users\User\Desktop\covid19\charite-app\src\app\creator\CreatorContainer.js
FN:11,(anonymous_0)
FNF:1
FNH:0
FNDA:0,(anonymous_0)
DA:11,0
DA:20,0
LF:2
LH:0
BRF:0
BRH:0
end_of_record
TN:
SF:C:\Users\User\Desktop\covid19\charite-app\src\app\creator\index.js
FNF:0
FNH:0
LF:0
LH:0
BRF:0
BRH:0
end_of_record
TN:
SF:C:\Users\User\Desktop\covid19\charite-app\src\app\creator\duck\actions.js
FN:12,(anonymous_0)
FN:17,(anonymous_1)
FN:22,(anonymous_2)
FN:27,(anonymous_3)
FN:32,(anonymous_4)
FN:37,(anonymous_5)
FN:42,(anonymous_6)
FN:47,(anonymous_7)
FN:52,(anonymous_8)
FN:57,(anonymous_9)
FNF:10
FNH:7
FNDA:2,(anonymous_0)
FNDA:2,(anonymous_1)
FNDA:2,(anonymous_2)
FNDA:2,(anonymous_3)
FNDA:2,(anonymous_4)
FNDA:0,(anonymous_5)
FNDA:1,(anonymous_6)
FNDA:3,(anonymous_7)
FNDA:0,(anonymous_8)
FNDA:0,(anonymous_9)
DA:1,3
DA:2,3
DA:3,3
DA:4,3
DA:5,3
DA:6,3
DA:7,3
DA:8,3
DA:9,3
DA:10,3
DA:12,3
DA:17,3
DA:22,3
DA:27,3
DA:32,3
DA:37,3
DA:42,3
DA:47,3
DA:52,3
DA:57,3
LF:20
LH:20
BRF:0
BRH:0
end_of_record
TN:
SF:C:\Users\User\Desktop\covid19\charite-app\src\app\creator\duck\index.js
FNF:0
FNH:0
LF:0
LH:0
BRF:0
BRH:0
end_of_record
TN:
SF:C:\Users\User\Desktop\covid19\charite-app\src\app\creator\duck\operations.js
FN:21,(anonymous_0)
FN:22,(anonymous_1)
FN:40,(anonymous_2)
FN:41,(anonymous_3)
FN:50,(anonymous_4)
FN:51,(anonymous_5)
FN:56,(anonymous_6)
FN:57,(anonymous_7)
FN:67,(anonymous_8)
FN:74,(anonymous_9)
FN:75,(anonymous_10)
FN:79,(anonymous_11)
FN:91,(anonymous_12)
FN:95,(anonymous_13)
FN:100,(anonymous_14)
FN:108,(anonymous_15)
FN:109,(anonymous_16)
FN:114,(anonymous_17)
FN:115,(anonymous_18)
FN:121,(anonymous_19)
FN:129,(anonymous_20)
FN:135,(anonymous_21)
FNF:22
FNH:0
FNDA:0,(anonymous_0)
FNDA:0,(anonymous_1)
FNDA:0,(anonymous_2)
FNDA:0,(anonymous_3)
FNDA:0,(anonymous_4)
FNDA:0,(anonymous_5)
FNDA:0,(anonymous_6)
FNDA:0,(anonymous_7)
FNDA:0,(anonymous_8)
FNDA:0,(anonymous_9)
FNDA:0,(anonymous_10)
FNDA:0,(anonymous_11)
FNDA:0,(anonymous_12)
FNDA:0,(anonymous_13)
FNDA:0,(anonymous_14)
FNDA:0,(anonymous_15)
FNDA:0,(anonymous_16)
FNDA:0,(anonymous_17)
FNDA:0,(anonymous_18)
FNDA:0,(anonymous_19)
FNDA:0,(anonymous_20)
FNDA:0,(anonymous_21)
DA:21,0
DA:22,0
DA:23,0
DA:24,0
DA:26,0
DA:27,0
DA:30,0
DA:31,0
DA:33,0
DA:35,0
DA:40,0
DA:41,0
DA:42,0
DA:43,0
DA:45,0
DA:50,0
DA:51,0
DA:52,0
DA:56,0
DA:57,0
DA:58,0
DA:67,0
DA:68,0
DA:74,0
DA:75,0
DA:76,0
DA:77,0
DA:78,0
DA:79,0
DA:81,0
DA:82,0
DA:84,0
DA:87,0
DA:91,0
DA:92,0
DA:95,0
DA:96,0
DA:100,0
DA:102,0
DA:105,0
DA:108,0
DA:109,0
DA:110,0
DA:114,0
DA:115,0
DA:116,0
DA:118,0
DA:120,0
DA:121,0
DA:122,0
DA:125,0
DA:126,0
DA:129,0
DA:130,0
DA:133,0
DA:135,0
DA:136,0
DA:137,0
DA:146,0
DA:147,0
DA:149,0
DA:151,0
DA:152,0
DA:153,0
DA:155,0
DA:156,0
DA:158,0
DA:159,0
DA:160,0
LF:69
LH:0
BRDA:26,0,0,0
BRDA:26,0,1,0
BRDA:42,1,0,0
BRDA:42,1,1,0
BRDA:81,2,0,0
BRDA:81,2,1,0
BRF:6
BRH:0
end_of_record
TN:
SF:C:\Users\User\Desktop\covid19\charite-app\src\app\creator\duck\questionnaire_order.js
FNF:0
FNH:0
DA:15,0
DA:24,0
LF:2
LH:0
BRF:0
BRH:0
end_of_record
TN:
SF:C:\Users\User\Desktop\covid19\charite-app\src\app\creator\duck\questionnaire_strings.js
FNF:0
FNH:0
DA:1,0
DA:148,0
DA:295,0
LF:3
LH:0
BRF:0
BRH:0
end_of_record
TN:
SF:C:\Users\User\Desktop\covid19\charite-app\src\app\creator\duck\reducers.js
FN:24,(anonymous_0)
FNF:1
FNH:1
FNDA:8,(anonymous_0)
DA:14,2
DA:25,8
DA:27,1
DA:32,1
DA:37,1
DA:42,1
DA:47,1
DA:52,0
DA:53,0
DA:58,2
DA:59,2
DA:60,2
DA:65,0
DA:67,0
DA:68,0
DA:71,0
DA:76,0
DA:81,1
LF:18
LH:11
BRDA:24,0,0,1
BRDA:25,1,0,1
BRDA:25,1,1,1
BRDA:25,1,2,1
BRDA:25,1,3,1
BRDA:25,1,4,1
BRDA:25,1,5,0
BRDA:25,1,6,2
BRDA:25,1,7,0
BRDA:25,1,8,0
BRDA:25,1,9,1
BRDA:67,2,0,0
BRDA:67,2,1,0
BRF:13
BRH:8
end_of_record
TN:
SF:C:\Users\User\Desktop\covid19\charite-app\src\app\creator\duck\amazon-connect\contactflow.js
FNF:0
FNH:0
DA:16,1
LF:1
LH:1
BRF:0
BRH:0
end_of_record
TN:
SF:C:\Users\User\Desktop\covid19\charite-app\src\app\creator\duck\amazon-connect\contactflowattribute.js
FN:18,(anonymous_0)
FNF:1
FNH:0
FNDA:0,(anonymous_0)
DA:4,5
DA:7,5
DA:18,5
DA:22,0
DA:52,5
DA:53,5
LF:6
LH:5
BRF:0
BRH:0
end_of_record
TN:
SF:C:\Users\User\Desktop\covid19\charite-app\src\app\creator\duck\amazon-connect\contactflowend.js
FN:14,(anonymous_0)
FNF:1
FNH:0
FNDA:0,(anonymous_0)
DA:3,5
DA:8,5
DA:14,5
DA:20,0
DA:34,5
DA:35,5
LF:6
LH:5
BRDA:16,0,0,0
BRDA:17,1,0,0
BRF:2
BRH:0
end_of_record
TN:
SF:C:\Users\User\Desktop\covid19\charite-app\src\app\creator\duck\amazon-connect\contactflowerror.js
FN:18,(anonymous_0)
FNF:1
FNH:0
FNDA:0,(anonymous_0)
DA:3,5
DA:10,5
DA:18,5
DA:27,0
DA:57,5
DA:58,5
LF:6
LH:5
BRDA:20,0,0,0
BRDA:21,1,0,0
BRDA:22,2,0,0
BRDA:23,3,0,0
BRF:4
BRH:0
end_of_record
TN:
SF:C:\Users\User\Desktop\covid19\charite-app\src\app\creator\duck\amazon-connect\contactflowinvokeexternal.js
FN:20,(anonymous_0)
FN:30,(anonymous_1)
FNF:2
FNH:0
FNDA:0,(anonymous_0)
FNDA:0,(anonymous_1)
DA:4,3
DA:10,3
DA:20,3
DA:27,0
DA:28,0
DA:30,0
DA:31,0
DA:37,0
DA:38,0
DA:39,0
DA:42,0
DA:79,3
DA:80,3
LF:13
LH:5
BRDA:22,0,0,0
BRDA:23,1,0,0
BRDA:24,2,0,0
BRF:3
BRH:0
end_of_record
TN:
SF:C:\Users\User\Desktop\covid19\charite-app\src\app\creator\duck\amazon-connect\contactflowlogging.js
FN:15,(anonymous_0)
FNF:1
FNH:0
FNDA:0,(anonymous_0)
DA:4,3
DA:9,3
DA:15,3
DA:21,0
DA:49,3
DA:50,3
LF:6
LH:5
BRDA:17,0,0,0
BRDA:18,1,0,0
BRF:2
BRH:0
end_of_record
TN:
SF:C:\Users\User\Desktop\covid19\charite-app\src\app\creator\duck\amazon-connect\contactflowplayprompt.js
FN:20,(anonymous_0)
FNF:1
FNH:0
FNDA:0,(anonymous_0)
DA:4,4
DA:10,4
DA:20,4
DA:27,0
DA:61,4
DA:62,4
LF:6
LH:5
BRDA:22,0,0,0
BRDA:23,1,0,0
BRDA:24,2,0,0
BRF:3
BRH:0
end_of_record
TN:
SF:C:\Users\User\Desktop\covid19\charite-app\src\app\creator\duck\amazon-connect\contactflowquestion.js
FN:21,(anonymous_0)
FN:69,(anonymous_1)
FNF:2
FNH:0
FNDA:0,(anonymous_0)
FNDA:0,(anonymous_1)
DA:10,2
DA:15,2
DA:21,2
DA:27,0
DA:29,0
DA:30,0
DA:31,0
DA:32,0
DA:35,0
DA:39,0
DA:41,0
DA:42,0
DA:44,0
DA:50,0
DA:52,0
DA:56,0
DA:58,0
DA:63,0
DA:65,0
DA:67,0
DA:68,0
DA:69,0
DA:70,0
DA:73,0
DA:76,0
DA:78,0
DA:92,0
DA:94,0
DA:96,0
LF:29
LH:3
BRDA:23,0,0,0
BRDA:24,1,0,0
BRDA:67,2,0,0
BRDA:67,2,1,0
BRF:4
BRH:0
end_of_record
TN:
SF:C:\Users\User\Desktop\covid19\charite-app\src\app\creator\duck\amazon-connect\contactflowrepeat.js
FN:18,(anonymous_0)
FNF:1
FNH:0
FNDA:0,(anonymous_0)
DA:4,3
DA:9,3
DA:18,3
DA:23,0
DA:53,3
DA:54,3
LF:6
LH:5
BRDA:20,0,0,0
BRDA:21,1,0,0
BRF:2
BRH:0
end_of_record
TN:
SF:C:\Users\User\Desktop\covid19\charite-app\src\app\creator\duck\amazon-connect\contactflowstaticend.js
FN:20,(anonymous_0)
FNF:1
FNH:0
FNDA:0,(anonymous_0)
DA:10,2
DA:14,2
DA:20,2
DA:25,0
DA:26,0
DA:27,0
DA:28,0
DA:29,0
DA:31,0
DA:35,0
DA:37,0
DA:41,0
DA:43,0
DA:44,0
DA:46,0
DA:47,0
DA:49,0
DA:55,0
DA:57,0
DA:66,0
DA:68,0
DA:74,0
DA:76,0
DA:78,0
DA:81,2
DA:82,2
LF:26
LH:5
BRDA:22,0,0,0
BRF:1
BRH:0
end_of_record
TN:
SF:C:\Users\User\Desktop\covid19\charite-app\src\app\creator\duck\amazon-connect\contactflowstaticstart.js
FN:21,(anonymous_0)
FNF:1
FNH:0
FNDA:0,(anonymous_0)
DA:12,2
DA:16,2
DA:21,2
DA:24,0
DA:25,0
DA:26,0
DA:27,0
DA:28,0
DA:29,0
DA:31,0
DA:35,0
DA:37,0
DA:41,0
DA:43,0
DA:46,0
DA:48,0
DA:53,0
DA:55,0
DA:60,0
DA:62,0
DA:67,0
DA:69,0
DA:75,0
DA:77,0
DA:79,0
DA:82,2
DA:83,2
LF:27
LH:5
BRDA:22,0,0,0
BRF:1
BRH:0
end_of_record
TN:
SF:C:\Users\User\Desktop\covid19\charite-app\src\app\creator\duck\amazon-connect\contactflowtransfer.js
FN:21,(anonymous_0)
FNF:1
FNH:0
FNDA:0,(anonymous_0)
DA:5,4
DA:11,4
DA:21,4
DA:29,0
DA:60,4
DA:61,4
LF:6
LH:5
BRDA:23,0,0,0
BRDA:24,1,0,0
BRDA:25,2,0,0
BRDA:26,3,0,0
BRF:4
BRH:0
end_of_record
TN:
SF:C:\Users\User\Desktop\covid19\charite-app\src\app\creator\duck\amazon-connect\contactflowuserinput.js
FN:25,(anonymous_0)
FN:62,(anonymous_1)
FNF:2
FNH:0
FNDA:0,(anonymous_0)
FNDA:0,(anonymous_1)
DA:6,3
DA:10,3
DA:25,3
DA:40,0
DA:42,0
DA:60,0
DA:62,0
DA:63,0
DA:65,0
DA:69,0
DA:73,0
DA:74,0
DA:75,0
DA:77,0
DA:80,0
DA:81,0
DA:83,0
DA:92,0
DA:94,0
DA:103,0
DA:105,0
DA:110,0
DA:112,0
DA:121,0
DA:123,0
DA:158,3
DA:159,3
LF:27
LH:5
BRDA:37,0,0,0
BRDA:60,1,0,0
BRDA:60,1,1,0
BRDA:73,2,0,0
BRDA:73,2,1,0
BRDA:73,3,0,0
BRDA:73,3,1,0
BRF:7
BRH:0
end_of_record
TN:
SF:C:\Users\User\Desktop\covid19\charite-app\src\app\creator\duck\amazon-connect\contactflowvoice.js
FN:19,(anonymous_0)
FNF:1
FNH:0
FNDA:0,(anonymous_0)
DA:4,3
DA:10,3
DA:19,3
DA:27,0
DA:55,3
DA:56,3
LF:6
LH:5
BRDA:21,0,0,0
BRDA:22,1,0,0
BRDA:23,2,0,0
BRF:3
BRH:0
end_of_record
TN:
SF:C:\Users\User\Desktop\covid19\charite-app\src\app\creator\duck\amazon-connect\emptycontactflow.js
FN:22,(anonymous_0)
FNF:1
FNH:0
FNDA:0,(anonymous_0)
DA:3,5
DA:11,5
DA:22,5
DA:31,0
DA:50,5
DA:51,5
LF:6
LH:5
BRDA:24,0,0,0
BRDA:25,1,0,0
BRDA:26,2,0,0
BRDA:27,3,0,0
BRDA:28,4,0,0
BRF:5
BRH:0
end_of_record
