TN:
SF:C:\Users\User\Desktop\covid19\charite-app\src\index.js
FNF:0
FNH:0
DA:9,0
DA:11,0
LF:2
LH:0
BRF:0
BRH:0
end_of_record
TN:
SF:C:\Users\User\Desktop\covid19\charite-app\src\reducers.js
FNF:0
FNH:0
LF:0
LH:0
BRF:0
BRH:0
end_of_record
TN:
SF:C:\Users\User\Desktop\covid19\charite-app\src\store.js
FN:9,configureStore
FNF:1
FNH:0
FNDA:0,configureStore
DA:6,0
DA:7,0
DA:10,0
LF:3
LH:0
BRDA:7,0,0,0
BRDA:7,0,1,0
BRF:2
BRH:0
end_of_record
TN:
SF:C:\Users\User\Desktop\covid19\charite-app\src\app\App.js
FN:4,App
FNF:1
FNH:0
FNDA:0,App
DA:5,0
LF:1
LH:0
BRF:0
BRH:0
end_of_record
TN:
SF:C:\Users\User\Desktop\covid19\charite-app\src\app\creator\CreatorComponent.jsx
FN:20,(anonymous_0)
FN:50,(anonymous_1)
FN:51,(anonymous_2)
FN:56,(anonymous_3)
FN:57,(anonymous_4)
FN:62,(anonymous_5)
FN:67,(anonymous_6)
FNF:7
FNH:0
FNDA:0,(anonymous_0)
FNDA:0,(anonymous_1)
FNDA:0,(anonymous_2)
FNDA:0,(anonymous_3)
FNDA:0,(anonymous_4)
FNDA:0,(anonymous_5)
FNDA:0,(anonymous_6)
DA:13,0
DA:20,0
DA:34,0
DA:36,0
DA:43,0
DA:51,0
DA:56,0
DA:57,0
DA:62,0
DA:68,0
DA:88,0
LF:11
LH:0
BRDA:60,0,0,0
BRDA:60,0,1,0
BRDA:61,1,0,0
BRDA:61,1,1,0
BRDA:61,1,2,0
BRDA:62,2,0,0
BRDA:62,2,1,0
BRDA:62,2,2,0
BRDA:62,2,3,0
BRDA:76,3,0,0
BRDA:76,3,1,0
BRF:11
BRH:0
end_of_record
TN:
SF:C:\Users\User\Desktop\covid19\charite-app\src\app\creator\CreatorContainer.js
FN:5,(anonymous_0)
FNF:1
FNH:0
FNDA:0,(anonymous_0)
DA:5,0
DA:13,0
LF:2
LH:0
BRF:0
BRH:0
end_of_record
TN:
SF:C:\Users\User\Desktop\covid19\charite-app\src\app\creator\index.js
FNF:0
FNH:0
LF:0
LH:0
BRF:0
BRH:0
end_of_record
TN:
SF:C:\Users\User\Desktop\covid19\charite-app\src\app\creator\duck\actions.js
FN:10,(anonymous_0)
FN:15,(anonymous_1)
FN:20,(anonymous_2)
FN:25,(anonymous_3)
FN:30,(anonymous_4)
FN:35,(anonymous_5)
FN:40,(anonymous_6)
FNF:7
FNH:7
FNDA:2,(anonymous_0)
FNDA:2,(anonymous_1)
FNDA:2,(anonymous_2)
FNDA:2,(anonymous_3)
FNDA:3,(anonymous_4)
FNDA:3,(anonymous_5)
FNDA:3,(anonymous_6)
DA:1,3
DA:2,3
DA:3,3
DA:4,3
DA:5,3
DA:6,3
DA:7,3
DA:10,3
DA:15,3
DA:20,3
DA:25,3
DA:30,3
DA:35,3
DA:40,3
LF:14
LH:14
BRF:0
BRH:0
end_of_record
TN:
SF:C:\Users\User\Desktop\covid19\charite-app\src\app\creator\duck\index.js
FNF:0
FNH:0
LF:0
LH:0
BRF:0
BRH:0
end_of_record
TN:
SF:C:\Users\User\Desktop\covid19\charite-app\src\app\creator\duck\operations.js
FN:41,(anonymous_0)
FN:42,(anonymous_1)
FN:51,(anonymous_2)
FN:52,(anonymous_3)
FN:57,(anonymous_4)
FN:58,(anonymous_5)
FN:68,(anonymous_6)
FN:75,(anonymous_7)
FN:76,(anonymous_8)
FN:80,(anonymous_9)
FN:92,(anonymous_10)
FN:97,(anonymous_11)
FN:118,(anonymous_12)
FN:149,(anonymous_13)
FN:164,(anonymous_14)
FN:196,(anonymous_15)
FN:228,(anonymous_16)
FN:266,(anonymous_17)
FN:299,(anonymous_18)
FN:392,(anonymous_19)
FN:420,(anonymous_20)
FN:451,(anonymous_21)
FN:452,(anonymous_22)
FN:481,(anonymous_23)
FN:507,(anonymous_24)
FN:507,(anonymous_25)
FNF:26
FNH:0
FNDA:0,(anonymous_0)
FNDA:0,(anonymous_1)
FNDA:0,(anonymous_2)
FNDA:0,(anonymous_3)
FNDA:0,(anonymous_4)
FNDA:0,(anonymous_5)
FNDA:0,(anonymous_6)
FNDA:0,(anonymous_7)
FNDA:0,(anonymous_8)
FNDA:0,(anonymous_9)
FNDA:0,(anonymous_10)
FNDA:0,(anonymous_11)
FNDA:0,(anonymous_12)
FNDA:0,(anonymous_13)
FNDA:0,(anonymous_14)
FNDA:0,(anonymous_15)
FNDA:0,(anonymous_16)
FNDA:0,(anonymous_17)
FNDA:0,(anonymous_18)
FNDA:0,(anonymous_19)
FNDA:0,(anonymous_20)
FNDA:0,(anonymous_21)
FNDA:0,(anonymous_22)
FNDA:0,(anonymous_23)
FNDA:0,(anonymous_24)
FNDA:0,(anonymous_25)
DA:41,0
DA:42,0
DA:43,0
DA:44,0
DA:46,0
DA:51,0
DA:52,0
DA:53,0
DA:57,0
DA:58,0
DA:59,0
DA:68,0
DA:69,0
DA:75,0
DA:76,0
DA:77,0
DA:78,0
DA:79,0
DA:80,0
DA:82,0
DA:83,0
DA:85,0
DA:88,0
DA:92,0
DA:93,0
DA:94,0
DA:97,0
DA:98,0
DA:99,0
DA:118,0
DA:119,0
DA:149,0
DA:150,0
DA:164,0
DA:166,0
DA:168,0
DA:196,0
DA:198,0
DA:200,0
DA:228,0
DA:230,0
DA:232,0
DA:266,0
DA:279,0
DA:281,0
DA:298,0
DA:299,0
DA:300,0
DA:301,0
DA:302,0
DA:304,0
DA:309,0
DA:311,0
DA:319,0
DA:320,0
DA:322,0
DA:327,0
DA:329,0
DA:358,0
DA:360,0
DA:392,0
DA:393,0
DA:420,0
DA:421,0
DA:422,0
DA:424,0
DA:451,0
DA:452,0
DA:453,0
DA:454,0
DA:456,0
DA:457,0
DA:458,0
DA:460,0
DA:461,0
DA:463,0
DA:464,0
DA:466,0
DA:467,0
DA:469,0
DA:470,0
DA:472,0
DA:473,0
DA:475,0
DA:477,0
DA:478,0
DA:480,0
DA:481,0
DA:482,0
DA:483,0
DA:485,0
DA:486,0
DA:487,0
DA:488,0
DA:489,0
DA:495,0
DA:496,0
DA:505,0
DA:506,0
DA:507,0
DA:508,0
DA:509,0
DA:510,0
DA:511,0
DA:512,0
DA:514,0
DA:515,0
DA:516,0
DA:517,0
DA:524,0
DA:525,0
DA:528,0
DA:529,0
DA:530,0
DA:531,0
DA:532,0
DA:533,0
LF:117
LH:0
BRDA:43,0,0,0
BRDA:43,0,1,0
BRDA:82,1,0,0
BRDA:82,1,1,0
BRDA:298,2,0,0
BRDA:298,2,1,0
BRDA:510,3,0,0
BRDA:510,3,1,0
BRDA:510,4,0,0
BRDA:510,4,1,0
BRDA:531,5,0,0
BRDA:531,5,1,0
BRDA:531,6,0,0
BRDA:531,6,1,0
BRF:14
BRH:0
end_of_record
TN:
SF:C:\Users\User\Desktop\covid19\charite-app\src\app\creator\duck\questionnaire_order.js
FNF:0
FNH:0
DA:15,0
DA:24,0
LF:2
LH:0
BRF:0
BRH:0
end_of_record
TN:
SF:C:\Users\User\Desktop\covid19\charite-app\src\app\creator\duck\questionnaire_strings.js
FNF:0
FNH:0
DA:1,0
DA:148,0
DA:295,0
LF:3
LH:0
BRF:0
BRH:0
end_of_record
TN:
SF:C:\Users\User\Desktop\covid19\charite-app\src\app\creator\duck\reducers.js
FN:21,(anonymous_0)
FNF:1
FNH:1
FNDA:11,(anonymous_0)
DA:12,2
DA:22,11
DA:24,1
DA:29,1
DA:34,1
DA:39,1
DA:44,2
DA:49,2
DA:50,2
DA:51,2
DA:56,2
DA:57,2
DA:58,2
DA:63,1
LF:14
LH:14
BRDA:21,0,0,1
BRDA:22,1,0,1
BRDA:22,1,1,1
BRDA:22,1,2,1
BRDA:22,1,3,1
BRDA:22,1,4,2
BRDA:22,1,5,2
BRDA:22,1,6,2
BRDA:22,1,7,1
BRF:9
BRH:9
end_of_record
